#
# There is insufficient memory for the Java Runtime Environment to continue.
# Native memory allocation (mmap) failed to map 185597952 bytes for committing reserved memory.
# Possible reasons:
#   The system is out of physical RAM or swap space
#   In 32 bit mode, the process size limit was hit
# Possible solutions:
#   Reduce memory load on the system
#   Increase physical memory or swap space
#   Check if swap backing store is full
#   Use 64 bit Java on a 64 bit OS
#   Decrease Java heap size (-Xmx/-Xms)
#   Decrease number of Java threads
#   Decrease Java thread stack sizes (-Xss)
#   Set larger code cache with -XX:ReservedCodeCacheSize=
# This output file may be truncated or incomplete.
#
#  Out of Memory Error (os_linux.cpp:2627), pid=30980, tid=140267287987968
#
# JRE version: Java(TM) SE Runtime Environment (8.0_91-b14) (build 1.8.0_91-b14)
# Java VM: Java HotSpot(TM) 64-Bit Server VM (25.91-b14 mixed mode linux-amd64 compressed oops)
# Failed to write core dump. Core dumps have been disabled. To enable core dumping, try "ulimit -c unlimited" before starting Java again
#

---------------  T H R E A D  ---------------

Current thread (0x00007f9298078000):  VMThread [stack: 0x00007f9285cfc000,0x00007f9285dfd000] [id=30989]

Stack: [0x00007f9285cfc000,0x00007f9285dfd000],  sp=0x00007f9285dfb320,  free space=1020k
Native frames: (J=compiled Java code, j=interpreted, Vv=VM code, C=native code)
V  [libjvm.so+0xabc18a]  VMError::report_and_die()+0x2ba
V  [libjvm.so+0x4fafeb]  report_vm_out_of_memory(char const*, int, unsigned long, VMErrorType, char const*)+0x8b
V  [libjvm.so+0x91cbb3]  os::Linux::commit_memory_impl(char*, unsigned long, bool)+0x103
V  [libjvm.so+0x91d109]  os::pd_commit_memory(char*, unsigned long, unsigned long, bool)+0x29
V  [libjvm.so+0x91740a]  os::commit_memory(char*, unsigned long, unsigned long, bool)+0x2a
V  [libjvm.so+0x98b033]  PSVirtualSpace::expand_by(unsigned long)+0x53
V  [libjvm.so+0x98c438]  PSYoungGen::resize_generation(unsigned long, unsigned long)+0xf8
V  [libjvm.so+0x98b592]  PSYoungGen::resize(unsigned long, unsigned long)+0x22
V  [libjvm.so+0x98886b]  PSScavenge::invoke_no_policy()+0xf3b
V  [libjvm.so+0x988ff1]  PSScavenge::invoke()+0x41
V  [libjvm.so+0x9408b0]  ParallelScavengeHeap::failed_mem_allocate(unsigned long)+0x70
V  [libjvm.so+0xabdba7]  VM_ParallelGCFailedAllocation::doit()+0x97
V  [libjvm.so+0xac55d5]  VM_Operation::evaluate()+0x55
V  [libjvm.so+0xac39aa]  VMThread::evaluate_operation(VM_Operation*)+0xba
V  [libjvm.so+0xac3d2e]  VMThread::loop()+0x1ce
V  [libjvm.so+0xac41a0]  VMThread::run()+0x70
V  [libjvm.so+0x91ef78]  java_start(Thread*)+0x108

VM_Operation (0x00007f92848078b0): ParallelGCFailedAllocation, mode: safepoint, requested by thread 0x00007f9298151000


---------------  P R O C E S S  ---------------

Java Threads: ( => current thread )
  0x00007f9298152000 JavaThread "pool-2-thread-4" [_thread_blocked, id=31026, stack(0x00007f9284608000,0x00007f9284709000)]
  0x00007f9298151000 JavaThread "pool-2-thread-3" [_thread_blocked, id=31025, stack(0x00007f9284709000,0x00007f928480a000)]
  0x00007f929814d000 JavaThread "pool-2-thread-2" [_thread_blocked, id=31024, stack(0x00007f928480a000,0x00007f928490b000)]
  0x00007f9298141000 JavaThread "pool-3-thread-1" [_thread_blocked, id=31023, stack(0x00007f928490b000,0x00007f9284a0c000)]
  0x00007f929813f000 JavaThread "pool-2-thread-1" [_thread_blocked, id=31022, stack(0x00007f9284a0c000,0x00007f9284b0d000)]
  0x00007f92980c0800 JavaThread "Service Thread" daemon [_thread_blocked, id=31009, stack(0x00007f9284c36000,0x00007f9284d37000)]
  0x00007f92980bd800 JavaThread "C1 CompilerThread2" daemon [_thread_blocked, id=31008, stack(0x00007f9284d37000,0x00007f9284e38000)]
  0x00007f92980bb800 JavaThread "C2 CompilerThread1" daemon [_thread_blocked, id=31007, stack(0x00007f9284e38000,0x00007f9284f39000)]
  0x00007f92980b9000 JavaThread "C2 CompilerThread0" daemon [_thread_blocked, id=31006, stack(0x00007f9284f39000,0x00007f928503a000)]
  0x00007f92980b7800 JavaThread "Signal Dispatcher" daemon [_thread_blocked, id=31004, stack(0x00007f928503a000,0x00007f928513b000)]
  0x00007f9298084000 JavaThread "Finalizer" daemon [_thread_blocked, id=30991, stack(0x00007f9285afa000,0x00007f9285bfb000)]
  0x00007f929807f800 JavaThread "Reference Handler" daemon [_thread_blocked, id=30990, stack(0x00007f9285bfb000,0x00007f9285cfc000)]
  0x00007f929800a000 JavaThread "main" [_thread_blocked, id=30984, stack(0x00007f92a03a8000,0x00007f92a04a9000)]

Other Threads:
=>0x00007f9298078000 VMThread [stack: 0x00007f9285cfc000,0x00007f9285dfd000] [id=30989]
  0x00007f92980c3800 WatcherThread [stack: 0x00007f9284b35000,0x00007f9284c36000] [id=31010]

VM state:at safepoint (normal execution)

VM Mutex/Monitor currently owned by a thread:  ([mutex/lock_event])
[0x00007f9298006530] Threads_lock - owner thread: 0x00007f9298078000
[0x00007f9298006a30] Heap_lock - owner thread: 0x00007f9298151000

Heap:
 PSYoungGen      total 132096K, used 5115K [0x00000000eab00000, 0x00000000f3100000, 0x0000000100000000)
  eden space 126976K, 0% used [0x00000000eab00000,0x00000000eab00000,0x00000000f2700000)
  from space 5120K, 99% used [0x00000000f2700000,0x00000000f2bfee30,0x00000000f2c00000)
  to   space 5120K, 0% used [0x00000000f2c00000,0x00000000f2c00000,0x00000000f3100000)
 ParOldGen       total 84992K, used 52323K [0x00000000c0000000, 0x00000000c5300000, 0x00000000eab00000)
  object space 84992K, 61% used [0x00000000c0000000,0x00000000c3318e40,0x00000000c5300000)
 Metaspace       used 6117K, capacity 7088K, committed 7296K, reserved 1056768K
  class space    used 590K, capacity 616K, committed 640K, reserved 1048576K

Card table byte_map: [0x00007f929cf5f000,0x00007f929d160000] byte_map_base: 0x00007f929c95f000

Marking Bits: (ParMarkBitMap*) 0x00007f929f87dd60
 Begin Bits: [0x00007f9287000000, 0x00007f9288000000)
 End Bits:   [0x00007f9288000000, 0x00007f9289000000)

Polling page: 0x00007f92a04cc000

CodeCache: size=245760Kb used=6393Kb max_used=6393Kb free=239366Kb
 bounds [0x00007f9289000000, 0x00007f9289650000, 0x00007f9298000000]
 total_blobs=1915 nmethods=1648 adapters=181
 compilation: enabled

Compilation events (10 events):
Event: 9.590 Thread 0x00007f92980bd800 nmethod 1981 0x00007f9289641e50 code [0x00007f9289641fc0, 0x00007f9289642208]
Event: 9.590 Thread 0x00007f92980bd800 1943       2       java.util.concurrent.locks.AbstractQueuedSynchronizer$ConditionObject::signal (33 bytes)
Event: 9.590 Thread 0x00007f92980bd800 nmethod 1943 0x00007f92896422d0 code [0x00007f9289642460, 0x00007f92896426a8]
Event: 9.590 Thread 0x00007f92980bd800 1944       2       java.util.concurrent.locks.ReentrantLock$Sync::isHeldExclusively (16 bytes)
Event: 9.591 Thread 0x00007f92980bd800 nmethod 1944 0x00007f92896427d0 code [0x00007f9289642920, 0x00007f9289642a90]
Event: 9.591 Thread 0x00007f92980bd800 1984       2       java.util.concurrent.locks.ReentrantLock::unlock (10 bytes)
Event: 9.591 Thread 0x00007f92980bd800 nmethod 1984 0x00007f9289642b10 code [0x00007f9289642c80, 0x00007f9289642e58]
Event: 9.591 Thread 0x00007f92980bd800 1945       2       com.android.dx.rop.type.Type::<init> (84 bytes)
Event: 9.591 Thread 0x00007f92980bd800 nmethod 1945 0x00007f9289642f90 code [0x00007f9289643120, 0x00007f92896434c8]
Event: 9.591 Thread 0x00007f92980bd800 1915       2       com.android.dx.ssa.back.FirstFitLocalCombiningAllocator::handleLocalAssociatedParams (132 bytes)

GC Heap History (9 events):
Event: 4.269 GC heap before
{Heap before GC invocations=1 (full 0):
 PSYoungGen      total 36864K, used 31744K [0x00000000eab00000, 0x00000000ed400000, 0x0000000100000000)
  eden space 31744K, 100% used [0x00000000eab00000,0x00000000eca00000,0x00000000eca00000)
  from space 5120K, 0% used [0x00000000ecf00000,0x00000000ecf00000,0x00000000ed400000)
  to   space 5120K, 0% used [0x00000000eca00000,0x00000000eca00000,0x00000000ecf00000)
 ParOldGen       total 84992K, used 0K [0x00000000c0000000, 0x00000000c5300000, 0x00000000eab00000)
  object space 84992K, 0% used [0x00000000c0000000,0x00000000c0000000,0x00000000c5300000)
 Metaspace       used 5677K, capacity 6704K, committed 6784K, reserved 1056768K
  class space    used 583K, capacity 616K, committed 640K, reserved 1048576K
Event: 4.370 GC heap after
Heap after GC invocations=1 (full 0):
 PSYoungGen      total 36864K, used 5105K [0x00000000eab00000, 0x00000000ef300000, 0x0000000100000000)
  eden space 31744K, 0% used [0x00000000eab00000,0x00000000eab00000,0x00000000eca00000)
  from space 5120K, 99% used [0x00000000eca00000,0x00000000ecefc440,0x00000000ecf00000)
  to   space 5120K, 0% used [0x00000000eee00000,0x00000000eee00000,0x00000000ef300000)
 ParOldGen       total 84992K, used 557K [0x00000000c0000000, 0x00000000c5300000, 0x00000000eab00000)
  object space 84992K, 0% used [0x00000000c0000000,0x00000000c008b6d0,0x00000000c5300000)
 Metaspace       used 5677K, capacity 6704K, committed 6784K, reserved 1056768K
  class space    used 583K, capacity 616K, committed 640K, reserved 1048576K
}
Event: 5.047 GC heap before
{Heap before GC invocations=2 (full 0):
 PSYoungGen      total 36864K, used 36849K [0x00000000eab00000, 0x00000000ef300000, 0x0000000100000000)
  eden space 31744K, 100% used [0x00000000eab00000,0x00000000eca00000,0x00000000eca00000)
  from space 5120K, 99% used [0x00000000eca00000,0x00000000ecefc440,0x00000000ecf00000)
  to   space 5120K, 0% used [0x00000000eee00000,0x00000000eee00000,0x00000000ef300000)
 ParOldGen       total 84992K, used 557K [0x00000000c0000000, 0x00000000c5300000, 0x00000000eab00000)
  object space 84992K, 0% used [0x00000000c0000000,0x00000000c008b6d0,0x00000000c5300000)
 Metaspace       used 5729K, capacity 6768K, committed 7040K, reserved 1056768K
  class space    used 583K, capacity 616K, committed 640K, reserved 1048576K
Event: 5.083 GC heap after
Heap after GC invocations=2 (full 0):
 PSYoungGen      total 68608K, used 5114K [0x00000000eab00000, 0x00000000ef300000, 0x0000000100000000)
  eden space 63488K, 0% used [0x00000000eab00000,0x00000000eab00000,0x00000000ee900000)
  from space 5120K, 99% used [0x00000000eee00000,0x00000000ef2feac8,0x00000000ef300000)
  to   space 5120K, 0% used [0x00000000ee900000,0x00000000ee900000,0x00000000eee00000)
 ParOldGen       total 84992K, used 3569K [0x00000000c0000000, 0x00000000c5300000, 0x00000000eab00000)
  object space 84992K, 4% used [0x00000000c0000000,0x00000000c037c470,0x00000000c5300000)
 Metaspace       used 5729K, capacity 6768K, committed 7040K, reserved 1056768K
  class space    used 583K, capacity 616K, committed 640K, reserved 1048576K
}
Event: 6.516 GC heap before
{Heap before GC invocations=3 (full 0):
 PSYoungGen      total 68608K, used 68602K [0x00000000eab00000, 0x00000000ef300000, 0x0000000100000000)
  eden space 63488K, 100% used [0x00000000eab00000,0x00000000ee900000,0x00000000ee900000)
  from space 5120K, 99% used [0x00000000eee00000,0x00000000ef2feac8,0x00000000ef300000)
  to   space 5120K, 0% used [0x00000000ee900000,0x00000000ee900000,0x00000000eee00000)
 ParOldGen       total 84992K, used 3569K [0x00000000c0000000, 0x00000000c5300000, 0x00000000eab00000)
  object space 84992K, 4% used [0x00000000c0000000,0x00000000c037c470,0x00000000c5300000)
 Metaspace       used 5838K, capacity 6832K, committed 7040K, reserved 1056768K
  class space    used 588K, capacity 616K, committed 640K, reserved 1048576K
Event: 6.697 GC heap after
Heap after GC invocations=3 (full 0):
 PSYoungGen      total 68608K, used 5119K [0x00000000eab00000, 0x00000000f3100000, 0x0000000100000000)
  eden space 63488K, 0% used [0x00000000eab00000,0x00000000eab00000,0x00000000ee900000)
  from space 5120K, 99% used [0x00000000ee900000,0x00000000eedffe28,0x00000000eee00000)
  to   space 5120K, 0% used [0x00000000f2c00000,0x00000000f2c00000,0x00000000f3100000)
 ParOldGen       total 84992K, used 14363K [0x00000000c0000000, 0x00000000c5300000, 0x00000000eab00000)
  object space 84992K, 16% used [0x00000000c0000000,0x00000000c0e06cd0,0x00000000c5300000)
 Metaspace       used 5838K, capacity 6832K, committed 7040K, reserved 1056768K
  class space    used 588K, capacity 616K, committed 640K, reserved 1048576K
}
Event: 7.828 GC heap before
{Heap before GC invocations=4 (full 0):
 PSYoungGen      total 68608K, used 68607K [0x00000000eab00000, 0x00000000f3100000, 0x0000000100000000)
  eden space 63488K, 100% used [0x00000000eab00000,0x00000000ee900000,0x00000000ee900000)
  from space 5120K, 99% used [0x00000000ee900000,0x00000000eedffe28,0x00000000eee00000)
  to   space 5120K, 0% used [0x00000000f2c00000,0x00000000f2c00000,0x00000000f3100000)
 ParOldGen       total 84992K, used 14363K [0x00000000c0000000, 0x00000000c5300000, 0x00000000eab00000)
  object space 84992K, 16% used [0x00000000c0000000,0x00000000c0e06cd0,0x00000000c5300000)
 Metaspace       used 5920K, capacity 6896K, committed 7040K, reserved 1056768K
  class space    used 589K, capacity 616K, committed 640K, reserved 1048576K
Event: 7.988 GC heap after
Heap after GC invocations=4 (full 0):
 PSYoungGen      total 132096K, used 5109K [0x00000000eab00000, 0x00000000f3100000, 0x0000000100000000)
  eden space 126976K, 0% used [0x00000000eab00000,0x00000000eab00000,0x00000000f2700000)
  from space 5120K, 99% used [0x00000000f2c00000,0x00000000f30fd6b0,0x00000000f3100000)
  to   space 5120K, 0% used [0x00000000f2700000,0x00000000f2700000,0x00000000f2c00000)
 ParOldGen       total 84992K, used 30615K [0x00000000c0000000, 0x00000000c5300000, 0x00000000eab00000)
  object space 84992K, 36% used [0x00000000c0000000,0x00000000c1de5cd0,0x00000000c5300000)
 Metaspace       used 5920K, capacity 6896K, committed 7040K, reserved 1056768K
  class space    used 589K, capacity 616K, committed 640K, reserved 1048576K
}
Event: 9.603 GC heap before
{Heap before GC invocations=5 (full 0):
 PSYoungGen      total 132096K, used 132085K [0x00000000eab00000, 0x00000000f3100000, 0x0000000100000000)
  eden space 126976K, 100% used [0x00000000eab00000,0x00000000f2700000,0x00000000f2700000)
  from space 5120K, 99% used [0x00000000f2c00000,0x00000000f30fd6b0,0x00000000f3100000)
  to   space 5120K, 0% used [0x00000000f2700000,0x00000000f2700000,0x00000000f2c00000)
 ParOldGen       total 84992K, used 30615K [0x00000000c0000000, 0x00000000c5300000, 0x00000000eab00000)
  object space 84992K, 36% used [0x00000000c0000000,0x00000000c1de5cd0,0x00000000c5300000)
 Metaspace       used 6117K, capacity 7088K, committed 7296K, reserved 1056768K
  class space    used 590K, capacity 616K, committed 640K, reserved 1048576K

Deoptimization events (9 events):
Event: 2.649 Thread 0x00007f929800a000 Uncommon trap: reason=unstable_if action=reinterpret pc=0x00007f9289166690 method=java.lang.String.indexOf(II)I @ 49
Event: 3.376 Thread 0x00007f9298152000 Uncommon trap: reason=unstable_if action=reinterpret pc=0x00007f92891f9658 method=java.util.HashMap.getNode(ILjava/lang/Object;)Ljava/util/HashMap$Node; @ 62
Event: 4.202 Thread 0x00007f929814d000 Uncommon trap: reason=unstable_if action=reinterpret pc=0x00007f92891fbd48 method=java.util.HashMap.getNode(ILjava/lang/Object;)Ljava/util/HashMap$Node; @ 62
Event: 4.210 Thread 0x00007f9298152000 Uncommon trap: reason=bimorphic action=maybe_recompile pc=0x00007f928920945c method=java.util.HashMap.getNode(ILjava/lang/Object;)Ljava/util/HashMap$Node; @ 126
Event: 4.210 Thread 0x00007f9298152000 Uncommon trap: reason=bimorphic action=maybe_recompile pc=0x00007f928920945c method=java.util.HashMap.getNode(ILjava/lang/Object;)Ljava/util/HashMap$Node; @ 126
Event: 4.210 Thread 0x00007f9298152000 Uncommon trap: reason=bimorphic action=maybe_recompile pc=0x00007f928920945c method=java.util.HashMap.getNode(ILjava/lang/Object;)Ljava/util/HashMap$Node; @ 126
Event: 4.210 Thread 0x00007f9298152000 Uncommon trap: reason=bimorphic action=maybe_recompile pc=0x00007f928920945c method=java.util.HashMap.getNode(ILjava/lang/Object;)Ljava/util/HashMap$Node; @ 126
Event: 4.663 Thread 0x00007f9298151000 Uncommon trap: reason=null_check action=make_not_entrant pc=0x00007f92892049a8 method=com.android.dx.rop.type.Type.equals(Ljava/lang/Object;)Z @ 8
Event: 6.871 Thread 0x00007f929800a000 Uncommon trap: reason=unstable_if action=reinterpret pc=0x00007f92893023fc method=com.android.dx.ssa.SsaMethod.updateOneDefinition(Lcom/android/dx/ssa/SsaInsn;Lcom/android/dx/rop/code/RegisterSpec;)V @ 4

Internal exceptions (3 events):
Event: 0.691 Thread 0x00007f929800a000 Exception <a 'java/lang/NoSuchMethodError': Method sun.misc.Unsafe.defineClass(Ljava/lang/String;[BII)Ljava/lang/Class; name or signature does not match> (0x00000000eab07cc0) thrown at [/HUDSON/workspace/8-2-build-linux-amd64/jdk8u91/6644/hotspot/src/shar
Event: 0.691 Thread 0x00007f929800a000 Exception <a 'java/lang/NoSuchMethodError': Method sun.misc.Unsafe.prefetchRead(Ljava/lang/Object;J)V name or signature does not match> (0x00000000eab07fa8) thrown at [/HUDSON/workspace/8-2-build-linux-amd64/jdk8u91/6644/hotspot/src/share/vm/prims/jni.cpp
Event: 4.663 Thread 0x00007f9298151000 Implicit null exception at 0x00007f92892048a2 to 0x00007f928920499b

Events (10 events):
Event: 9.529 Thread 0x00007f9298151000 DEOPT UNPACKING pc=0x00007f9289047633 sp=0x00007f9284807d40 mode 0
Event: 9.529 Thread 0x00007f9298151000 DEOPT PACKING pc=0x00007f928947a9bb sp=0x00007f9284807ed0
Event: 9.529 Thread 0x00007f9298151000 DEOPT UNPACKING pc=0x00007f9289047633 sp=0x00007f9284807c38 mode 0
Event: 9.537 Thread 0x00007f929814d000 DEOPT PACKING pc=0x00007f9289464eb0 sp=0x00007f9284908f40
Event: 9.537 Thread 0x00007f929814d000 DEOPT UNPACKING pc=0x00007f9289047633 sp=0x00007f9284908ce8 mode 0
Event: 9.551 Thread 0x00007f9298151000 DEOPT PACKING pc=0x00007f928934306b sp=0x00007f9284807e30
Event: 9.551 Thread 0x00007f9298151000 DEOPT UNPACKING pc=0x00007f9289047633 sp=0x00007f9284807b70 mode 0
Event: 9.559 Thread 0x00007f9298151000 DEOPT PACKING pc=0x00007f9289344aa8 sp=0x00007f9284807bc0
Event: 9.559 Thread 0x00007f9298151000 DEOPT UNPACKING pc=0x00007f9289047633 sp=0x00007f9284807928 mode 0
Event: 9.593 Executing VM operation: ParallelGCFailedAllocation


Dynamic libraries:
00400000-00401000 r-xp 00000000 08:07 2367478                            /usr/lib/jvm/java-8-oracle/bin/java
00600000-00601000 rw-p 00000000 08:07 2367478                            /usr/lib/jvm/java-8-oracle/bin/java
021dc000-021fd000 rw-p 00000000 00:00 0                                  [heap]
c0000000-c5300000 rw-p 00000000 00:00 0 
c5300000-eab00000 ---p 00000000 00:00 0 
eab00000-f3100000 rw-p 00000000 00:00 0 
fe200000-100000000 ---p 00000000 00:00 0 
100000000-1000a0000 rw-p 00000000 00:00 0 
1000a0000-140000000 ---p 00000000 00:00 0 
7f9238000000-7f9238029000 rw-p 00000000 00:00 0 
7f9238029000-7f923c000000 ---p 00000000 00:00 0 
7f9240000000-7f924002f000 rw-p 00000000 00:00 0 
7f924002f000-7f9244000000 ---p 00000000 00:00 0 
7f9244000000-7f9244021000 rw-p 00000000 00:00 0 
7f9244021000-7f9248000000 ---p 00000000 00:00 0 
7f9248000000-7f9248046000 rw-p 00000000 00:00 0 
7f9248046000-7f924c000000 ---p 00000000 00:00 0 
7f924c000000-7f924c021000 rw-p 00000000 00:00 0 
7f924c021000-7f9250000000 ---p 00000000 00:00 0 
7f9250000000-7f9250021000 rw-p 00000000 00:00 0 
7f9250021000-7f9254000000 ---p 00000000 00:00 0 
7f9254000000-7f9254021000 rw-p 00000000 00:00 0 
7f9254021000-7f9258000000 ---p 00000000 00:00 0 
7f9258000000-7f9258b22000 rw-p 00000000 00:00 0 
7f9258b22000-7f925c000000 ---p 00000000 00:00 0 
7f925c000000-7f925c82c000 rw-p 00000000 00:00 0 
7f925c82c000-7f9260000000 ---p 00000000 00:00 0 
7f9260000000-7f9260021000 rw-p 00000000 00:00 0 
7f9260021000-7f9264000000 ---p 00000000 00:00 0 
7f9264000000-7f926475a000 rw-p 00000000 00:00 0 
7f926475a000-7f9268000000 ---p 00000000 00:00 0 
7f9268000000-7f9268021000 rw-p 00000000 00:00 0 
7f9268021000-7f926c000000 ---p 00000000 00:00 0 
7f926c000000-7f926c021000 rw-p 00000000 00:00 0 
7f926c021000-7f9270000000 ---p 00000000 00:00 0 
7f9270000000-7f9270021000 rw-p 00000000 00:00 0 
7f9270021000-7f9274000000 ---p 00000000 00:00 0 
7f9274000000-7f927429d000 rw-p 00000000 00:00 0 
7f927429d000-7f9278000000 ---p 00000000 00:00 0 
7f9278000000-7f9278021000 rw-p 00000000 00:00 0 
7f9278021000-7f927c000000 ---p 00000000 00:00 0 
7f927c000000-7f927c021000 rw-p 00000000 00:00 0 
7f927c021000-7f9280000000 ---p 00000000 00:00 0 
7f9280000000-7f9280021000 rw-p 00000000 00:00 0 
7f9280021000-7f9284000000 ---p 00000000 00:00 0 
7f9284608000-7f928460b000 ---p 00000000 00:00 0 
7f928460b000-7f9284709000 rw-p 00000000 00:00 0 
7f9284709000-7f928470c000 ---p 00000000 00:00 0 
7f928470c000-7f928480a000 rw-p 00000000 00:00 0 
7f928480a000-7f928480d000 ---p 00000000 00:00 0 
7f928480d000-7f928490b000 rw-p 00000000 00:00 0 
7f928490b000-7f928490e000 ---p 00000000 00:00 0 
7f928490e000-7f9284a0c000 rw-p 00000000 00:00 0 
7f9284a0c000-7f9284a0f000 ---p 00000000 00:00 0 
7f9284a0f000-7f9284b0d000 rw-p 00000000 00:00 0 
7f9284b0d000-7f9284b27000 r--s 00097000 08:07 7474543                    /home/michael/aws/DropShop/app/build/intermediates/exploded-aar/com.google.android.gms/play-services-games/9.0.2/jars/classes.jar
7f9284b27000-7f9284b35000 r--s 000e0000 08:07 7216802                    /home/michael/Android/Sdk/build-tools/24.0.0/lib/dx.jar
7f9284b35000-7f9284b36000 ---p 00000000 00:00 0 
7f9284b36000-7f9284c36000 rw-p 00000000 00:00 0 
7f9284c36000-7f9284c39000 ---p 00000000 00:00 0 
7f9284c39000-7f9284d37000 rw-p 00000000 00:00 0 
7f9284d37000-7f9284d3a000 ---p 00000000 00:00 0 
7f9284d3a000-7f9284e38000 rw-p 00000000 00:00 0 
7f9284e38000-7f9284e3b000 ---p 00000000 00:00 0 
7f9284e3b000-7f9284f39000 rw-p 00000000 00:00 0 
7f9284f39000-7f9284f3c000 ---p 00000000 00:00 0 
7f9284f3c000-7f928503a000 rw-p 00000000 00:00 0 
7f928503a000-7f928503d000 ---p 00000000 00:00 0 
7f928503d000-7f928513b000 rw-p 00000000 00:00 0 
7f928513b000-7f9285afa000 r--p 00000000 08:07 2366607                    /usr/lib/locale/locale-archive
7f9285afa000-7f9285afd000 ---p 00000000 00:00 0 
7f9285afd000-7f9285bfb000 rw-p 00000000 00:00 0 
7f9285bfb000-7f9285bfe000 ---p 00000000 00:00 0 
7f9285bfe000-7f9285cfc000 rw-p 00000000 00:00 0 
7f9285cfc000-7f9285cfd000 ---p 00000000 00:00 0 
7f9285cfd000-7f9286db1000 rw-p 00000000 00:00 0 
7f9286db1000-7f9286f8a000 r--s 03d1f000 08:07 2898188                    /usr/lib/jvm/java-8-oracle/jre/lib/rt.jar
7f9286f8a000-7f9289000000 rw-p 00000000 00:00 0 
7f9289000000-7f9289650000 rwxp 00000000 00:00 0 
7f9289650000-7f9298000000 ---p 00000000 00:00 0 
7f9298000000-7f9298391000 rw-p 00000000 00:00 0 
7f9298391000-7f929c000000 ---p 00000000 00:00 0 
7f929c005000-7f929c685000 rw-p 00000000 00:00 0 
7f929c685000-7f929c805000 ---p 00000000 00:00 0 
7f929c805000-7f929ca05000 rw-p 00000000 00:00 0 
7f929ca05000-7f929ca06000 ---p 00000000 00:00 0 
7f929ca06000-7f929cb06000 rw-p 00000000 00:00 0 
7f929cb06000-7f929cb07000 ---p 00000000 00:00 0 
7f929cb07000-7f929cc07000 rw-p 00000000 00:00 0 
7f929cc07000-7f929cc08000 ---p 00000000 00:00 0 
7f929cc08000-7f929cd08000 rw-p 00000000 00:00 0 
7f929cd08000-7f929cd09000 ---p 00000000 00:00 0 
7f929cd09000-7f929ce33000 rw-p 00000000 00:00 0 
7f929ce33000-7f929cf5f000 ---p 00000000 00:00 0 
7f929cf5f000-7f929cf89000 rw-p 00000000 00:00 0 
7f929cf89000-7f929d0b4000 ---p 00000000 00:00 0 
7f929d0b4000-7f929d0f8000 rw-p 00000000 00:00 0 
7f929d0f8000-7f929d15f000 ---p 00000000 00:00 0 
7f929d15f000-7f929d17a000 rw-p 00000000 00:00 0 
7f929d17a000-7f929d520000 ---p 00000000 00:00 0 
7f929d520000-7f929d53a000 r-xp 00000000 08:07 2898239                    /usr/lib/jvm/java-8-oracle/jre/lib/amd64/libzip.so
7f929d53a000-7f929d73a000 ---p 0001a000 08:07 2898239                    /usr/lib/jvm/java-8-oracle/jre/lib/amd64/libzip.so
7f929d73a000-7f929d73b000 rw-p 0001a000 08:07 2898239                    /usr/lib/jvm/java-8-oracle/jre/lib/amd64/libzip.so
7f929d73b000-7f929d746000 r-xp 00000000 08:07 5116480                    /lib/x86_64-linux-gnu/libnss_files-2.23.so
7f929d746000-7f929d945000 ---p 0000b000 08:07 5116480                    /lib/x86_64-linux-gnu/libnss_files-2.23.so
7f929d945000-7f929d946000 r--p 0000a000 08:07 5116480                    /lib/x86_64-linux-gnu/libnss_files-2.23.so
7f929d946000-7f929d947000 rw-p 0000b000 08:07 5116480                    /lib/x86_64-linux-gnu/libnss_files-2.23.so
7f929d947000-7f929d94d000 rw-p 00000000 00:00 0 
7f929d94d000-7f929d958000 r-xp 00000000 08:07 5116490                    /lib/x86_64-linux-gnu/libnss_nis-2.23.so
7f929d958000-7f929db57000 ---p 0000b000 08:07 5116490                    /lib/x86_64-linux-gnu/libnss_nis-2.23.so
7f929db57000-7f929db58000 r--p 0000a000 08:07 5116490                    /lib/x86_64-linux-gnu/libnss_nis-2.23.so
7f929db58000-7f929db59000 rw-p 0000b000 08:07 5116490                    /lib/x86_64-linux-gnu/libnss_nis-2.23.so
7f929db59000-7f929db6f000 r-xp 00000000 08:07 5116474                    /lib/x86_64-linux-gnu/libnsl-2.23.so
7f929db6f000-7f929dd6e000 ---p 00016000 08:07 5116474                    /lib/x86_64-linux-gnu/libnsl-2.23.so
7f929dd6e000-7f929dd6f000 r--p 00015000 08:07 5116474                    /lib/x86_64-linux-gnu/libnsl-2.23.so
7f929dd6f000-7f929dd70000 rw-p 00016000 08:07 5116474                    /lib/x86_64-linux-gnu/libnsl-2.23.so
7f929dd70000-7f929dd72000 rw-p 00000000 00:00 0 
7f929dd72000-7f929dd7a000 r-xp 00000000 08:07 5116476                    /lib/x86_64-linux-gnu/libnss_compat-2.23.so
7f929dd7a000-7f929df79000 ---p 00008000 08:07 5116476                    /lib/x86_64-linux-gnu/libnss_compat-2.23.so
7f929df79000-7f929df7a000 r--p 00007000 08:07 5116476                    /lib/x86_64-linux-gnu/libnss_compat-2.23.so
7f929df7a000-7f929df7b000 rw-p 00008000 08:07 5116476                    /lib/x86_64-linux-gnu/libnss_compat-2.23.so
7f929df7b000-7f929dfa5000 r-xp 00000000 08:07 2898234                    /usr/lib/jvm/java-8-oracle/jre/lib/amd64/libjava.so
7f929dfa5000-7f929e1a5000 ---p 0002a000 08:07 2898234                    /usr/lib/jvm/java-8-oracle/jre/lib/amd64/libjava.so
7f929e1a5000-7f929e1a7000 rw-p 0002a000 08:07 2898234                    /usr/lib/jvm/java-8-oracle/jre/lib/amd64/libjava.so
7f929e1a7000-7f929e1b4000 r-xp 00000000 08:07 2898238                    /usr/lib/jvm/java-8-oracle/jre/lib/amd64/libverify.so
7f929e1b4000-7f929e3b4000 ---p 0000d000 08:07 2898238                    /usr/lib/jvm/java-8-oracle/jre/lib/amd64/libverify.so
7f929e3b4000-7f929e3b6000 rw-p 0000d000 08:07 2898238                    /usr/lib/jvm/java-8-oracle/jre/lib/amd64/libverify.so
7f929e3b6000-7f929e3bd000 r-xp 00000000 08:07 5116535                    /lib/x86_64-linux-gnu/librt-2.23.so
7f929e3bd000-7f929e5bc000 ---p 00007000 08:07 5116535                    /lib/x86_64-linux-gnu/librt-2.23.so
7f929e5bc000-7f929e5bd000 r--p 00006000 08:07 5116535                    /lib/x86_64-linux-gnu/librt-2.23.so
7f929e5bd000-7f929e5be000 rw-p 00007000 08:07 5116535                    /lib/x86_64-linux-gnu/librt-2.23.so
7f929e5be000-7f929e6c6000 r-xp 00000000 08:07 5116451                    /lib/x86_64-linux-gnu/libm-2.23.so
7f929e6c6000-7f929e8c5000 ---p 00108000 08:07 5116451                    /lib/x86_64-linux-gnu/libm-2.23.so
7f929e8c5000-7f929e8c6000 r--p 00107000 08:07 5116451                    /lib/x86_64-linux-gnu/libm-2.23.so
7f929e8c6000-7f929e8c7000 rw-p 00108000 08:07 5116451                    /lib/x86_64-linux-gnu/libm-2.23.so
7f929e8c7000-7f929f587000 r-xp 00000000 08:07 3021785                    /usr/lib/jvm/java-8-oracle/jre/lib/amd64/server/libjvm.so
7f929f587000-7f929f787000 ---p 00cc0000 08:07 3021785                    /usr/lib/jvm/java-8-oracle/jre/lib/amd64/server/libjvm.so
7f929f787000-7f929f85f000 rw-p 00cc0000 08:07 3021785                    /usr/lib/jvm/java-8-oracle/jre/lib/amd64/server/libjvm.so
7f929f85f000-7f929f8aa000 rw-p 00000000 00:00 0 
7f929f8aa000-7f929fa6a000 r-xp 00000000 08:07 5116381                    /lib/x86_64-linux-gnu/libc-2.23.so
7f929fa6a000-7f929fc69000 ---p 001c0000 08:07 5116381                    /lib/x86_64-linux-gnu/libc-2.23.so
7f929fc69000-7f929fc6d000 r--p 001bf000 08:07 5116381                    /lib/x86_64-linux-gnu/libc-2.23.so
7f929fc6d000-7f929fc6f000 rw-p 001c3000 08:07 5116381                    /lib/x86_64-linux-gnu/libc-2.23.so
7f929fc6f000-7f929fc73000 rw-p 00000000 00:00 0 
7f929fc73000-7f929fc76000 r-xp 00000000 08:07 5116405                    /lib/x86_64-linux-gnu/libdl-2.23.so
7f929fc76000-7f929fe75000 ---p 00003000 08:07 5116405                    /lib/x86_64-linux-gnu/libdl-2.23.so
7f929fe75000-7f929fe76000 r--p 00002000 08:07 5116405                    /lib/x86_64-linux-gnu/libdl-2.23.so
7f929fe76000-7f929fe77000 rw-p 00003000 08:07 5116405                    /lib/x86_64-linux-gnu/libdl-2.23.so
7f929fe77000-7f929fe8c000 r-xp 00000000 08:07 2500474                    /usr/lib/jvm/java-8-oracle/lib/amd64/jli/libjli.so
7f929fe8c000-7f92a008c000 ---p 00015000 08:07 2500474                    /usr/lib/jvm/java-8-oracle/lib/amd64/jli/libjli.so
7f92a008c000-7f92a008d000 rw-p 00015000 08:07 2500474                    /usr/lib/jvm/java-8-oracle/lib/amd64/jli/libjli.so
7f92a008d000-7f92a00a5000 r-xp 00000000 08:07 5116527                    /lib/x86_64-linux-gnu/libpthread-2.23.so
7f92a00a5000-7f92a02a4000 ---p 00018000 08:07 5116527                    /lib/x86_64-linux-gnu/libpthread-2.23.so
7f92a02a4000-7f92a02a5000 r--p 00017000 08:07 5116527                    /lib/x86_64-linux-gnu/libpthread-2.23.so
7f92a02a5000-7f92a02a6000 rw-p 00018000 08:07 5116527                    /lib/x86_64-linux-gnu/libpthread-2.23.so
7f92a02a6000-7f92a02aa000 rw-p 00000000 00:00 0 
7f92a02aa000-7f92a02d0000 r-xp 00000000 08:07 5116353                    /lib/x86_64-linux-gnu/ld-2.23.so
7f92a02d6000-7f92a03a8000 rw-p 00000000 00:00 0 
7f92a03a8000-7f92a03ab000 ---p 00000000 00:00 0 
7f92a03ab000-7f92a04ad000 rw-p 00000000 00:00 0 
7f92a04af000-7f92a04c3000 rw-p 00000000 00:00 0 
7f92a04c3000-7f92a04cb000 rw-s 00000000 08:07 2898760                    /tmp/hsperfdata_michael/30980
7f92a04cb000-7f92a04cc000 rw-p 00000000 00:00 0 
7f92a04cc000-7f92a04cd000 ---p 00000000 00:00 0 
7f92a04cd000-7f92a04cf000 rw-p 00000000 00:00 0 
7f92a04cf000-7f92a04d0000 r--p 00025000 08:07 5116353                    /lib/x86_64-linux-gnu/ld-2.23.so
7f92a04d0000-7f92a04d1000 rw-p 00026000 08:07 5116353                    /lib/x86_64-linux-gnu/ld-2.23.so
7f92a04d1000-7f92a04d2000 rw-p 00000000 00:00 0 
7ffe92701000-7ffe92722000 rw-p 00000000 00:00 0                          [stack]
7ffe92745000-7ffe92747000 r--p 00000000 00:00 0                          [vvar]
7ffe92747000-7ffe92749000 r-xp 00000000 00:00 0                          [vdso]
ffffffffff600000-ffffffffff601000 r-xp 00000000 00:00 0                  [vsyscall]

VM Arguments:
jvm_args: -Djava.awt.headless=true -Xmx1024M -Dfile.encoding=UTF-8 -Duser.country=US -Duser.language=en -Duser.variant 
java_command: com.android.dx.command.Main --dex --force-jumbo --num-threads=4 --multi-dex --output /home/michael/aws/DropShop/app/build/intermediates/transforms/dex/debug/folders/1000/10/com.google.android.gms-play-services-games-9.0.2_9560f34875ee7c6e0b5f49ef4dcd3049952af419 /home/michael/aws/DropShop/app/build/intermediates/exploded-aar/com.google.android.gms/play-services-games/9.0.2/jars/classes.jar
java_class_path (initial): /home/michael/Android/Sdk/build-tools/24.0.0/lib/dx.jar
Launcher Type: SUN_STANDARD

Environment Variables:
PATH=/usr/local/sbin:/usr/local/bin:/usr/sbin:/usr/bin:/sbin:/bin:/usr/games:/usr/local/games:/snap/bin:/home/michael/.node_modules
LD_LIBRARY_PATH=/opt/android-studio/bin:
SHELL=/bin/bash
DISPLAY=:0

Signal Handlers:
SIGSEGV: [libjvm.so+0xabca10], sa_mask[0]=11111111011111111101111111111110, sa_flags=SA_RESTART|SA_SIGINFO
SIGBUS: [libjvm.so+0xabca10], sa_mask[0]=11111111011111111101111111111110, sa_flags=SA_RESTART|SA_SIGINFO
SIGFPE: [libjvm.so+0x919a20], sa_mask[0]=11111111011111111101111111111110, sa_flags=SA_RESTART|SA_SIGINFO
SIGPIPE: [libjvm.so+0x919a20], sa_mask[0]=11111111011111111101111111111110, sa_flags=SA_RESTART|SA_SIGINFO
SIGXFSZ: [libjvm.so+0x919a20], sa_mask[0]=11111111011111111101111111111110, sa_flags=SA_RESTART|SA_SIGINFO
SIGILL: [libjvm.so+0x919a20], sa_mask[0]=11111111011111111101111111111110, sa_flags=SA_RESTART|SA_SIGINFO
SIGUSR1: SIG_DFL, sa_mask[0]=00000000000000000000000000000000, sa_flags=none
SIGUSR2: [libjvm.so+0x91b050], sa_mask[0]=00100000000000000000000000000000, sa_flags=SA_RESTART|SA_SIGINFO
SIGHUP: [libjvm.so+0x91c450], sa_mask[0]=11111111011111111101111111111110, sa_flags=SA_RESTART|SA_SIGINFO
SIGINT: [libjvm.so+0x91c450], sa_mask[0]=11111111011111111101111111111110, sa_flags=SA_RESTART|SA_SIGINFO
SIGTERM: [libjvm.so+0x91c450], sa_mask[0]=11111111011111111101111111111110, sa_flags=SA_RESTART|SA_SIGINFO
SIGQUIT: [libjvm.so+0x91c450], sa_mask[0]=11111111011111111101111111111110, sa_flags=SA_RESTART|SA_SIGINFO


---------------  S Y S T E M  ---------------

OS:DISTRIB_ID=Ubuntu
DISTRIB_RELEASE=16.04
DISTRIB_CODENAME=xenial
DISTRIB_DESCRIPTION="Ubuntu 16.04 LTS"

uname:Linux 4.4.0-24-generic #43-Ubuntu SMP Wed Jun 8 19:27:37 UTC 2016 x86_64
libc:glibc 2.23 NPTL 2.23 
rlimit: STACK 8192k, CORE 0k, NPROC 31272, NOFILE 65536, AS infinity
load average:18.45 9.78 5.12

/proc/meminfo:
MemTotal:        8103632 kB
MemFree:         1811972 kB
MemAvailable:    1796504 kB
Buffers:            2200 kB
Cached:          1391640 kB
SwapCached:            0 kB
Active:          4995188 kB
Inactive:        1109564 kB
Active(anon):    4984272 kB
Inactive(anon):  1030188 kB
Active(file):      10916 kB
Inactive(file):    79376 kB
Unevictable:          64 kB
Mlocked:              64 kB
SwapTotal:             0 kB
SwapFree:              0 kB
Dirty:               420 kB
Writeback:          4500 kB
AnonPages:       4711084 kB
Mapped:           200116 kB
Shmem:           1303440 kB
Slab:              88872 kB
SReclaimable:      47708 kB
SUnreclaim:        41164 kB
KernelStack:       10192 kB
PageTables:        38584 kB
NFS_Unstable:          0 kB
Bounce:                0 kB
WritebackTmp:          0 kB
CommitLimit:     4051816 kB
Committed_AS:    9527724 kB
VmallocTotal:   34359738367 kB
VmallocUsed:           0 kB
VmallocChunk:          0 kB
HardwareCorrupted:     0 kB
AnonHugePages:   1959936 kB
CmaTotal:              0 kB
CmaFree:               0 kB
HugePages_Total:       0
HugePages_Free:        0
HugePages_Rsvd:        0
HugePages_Surp:        0
Hugepagesize:       2048 kB
DirectMap4k:      156288 kB
DirectMap2M:     6064128 kB
DirectMap1G:     3145728 kB


CPU:total 4 (2 cores per cpu, 2 threads per core) family 6 model 69 stepping 1, cmov, cx8, fxsr, mmx, sse, sse2, sse3, ssse3, sse4.1, sse4.2, popcnt, avx, avx2, aes, clmul, erms, lzcnt, ht, tsc, tscinvbit, bmi1, bmi2

/proc/cpuinfo:
processor	: 0
vendor_id	: GenuineIntel
cpu family	: 6
model		: 69
model name	: Intel(R) Core(TM) i7-4510U CPU @ 2.00GHz
stepping	: 1
microcode	: 0x1c
cpu MHz		: 2799.976
cache size	: 4096 KB
physical id	: 0
siblings	: 4
core id		: 0
cpu cores	: 2
apicid		: 0
initial apicid	: 0
fpu		: yes
fpu_exception	: yes
cpuid level	: 13
wp		: yes
flags		: fpu vme de pse tsc msr pae mce cx8 apic sep mtrr pge mca cmov pat pse36 clflush dts acpi mmx fxsr sse sse2 ss ht tm pbe syscall nx pdpe1gb rdtscp lm constant_tsc arch_perfmon pebs bts rep_good nopl xtopology nonstop_tsc aperfmperf eagerfpu pni pclmulqdq dtes64 monitor ds_cpl vmx est tm2 ssse3 sdbg fma cx16 xtpr pdcm pcid sse4_1 sse4_2 movbe popcnt tsc_deadline_timer aes xsave avx f16c rdrand lahf_lm abm epb tpr_shadow vnmi flexpriority ept vpid fsgsbase tsc_adjust bmi1 avx2 smep bmi2 erms invpcid xsaveopt dtherm ida arat pln pts
bugs		:
bogomips	: 5188.13
clflush size	: 64
cache_alignment	: 64
address sizes	: 39 bits physical, 48 bits virtual
power management:

processor	: 1
vendor_id	: GenuineIntel
cpu family	: 6
model		: 69
model name	: Intel(R) Core(TM) i7-4510U CPU @ 2.00GHz
stepping	: 1
microcode	: 0x1c
cpu MHz		: 2799.570
cache size	: 4096 KB
physical id	: 0
siblings	: 4
core id		: 0
cpu cores	: 2
apicid		: 1
initial apicid	: 1
fpu		: yes
fpu_exception	: yes
cpuid level	: 13
wp		: yes
flags		: fpu vme de pse tsc msr pae mce cx8 apic sep mtrr pge mca cmov pat pse36 clflush dts acpi mmx fxsr sse sse2 ss ht tm pbe syscall nx pdpe1gb rdtscp lm constant_tsc arch_perfmon pebs bts rep_good nopl xtopology nonstop_tsc aperfmperf eagerfpu pni pclmulqdq dtes64 monitor ds_cpl vmx est tm2 ssse3 sdbg fma cx16 xtpr pdcm pcid sse4_1 sse4_2 movbe popcnt tsc_deadline_timer aes xsave avx f16c rdrand lahf_lm abm epb tpr_shadow vnmi flexpriority ept vpid fsgsbase tsc_adjust bmi1 avx2 smep bmi2 erms invpcid xsaveopt dtherm ida arat pln pts
bugs		:
bogomips	: 5188.13
clflush size	: 64
cache_alignment	: 64
address sizes	: 39 bits physical, 48 bits virtual
power management:

processor	: 2
vendor_id	: GenuineIntel
cpu family	: 6
model		: 69
model name	: Intel(R) Core(TM) i7-4510U CPU @ 2.00GHz
stepping	: 1
microcode	: 0x1c
cpu MHz		: 2801.093
cache size	: 4096 KB
physical id	: 0
siblings	: 4
core id		: 1
cpu cores	: 2
apicid		: 2
initial apicid	: 2
fpu		: yes
fpu_exception	: yes
cpuid level	: 13
wp		: yes
flags		: fpu vme de pse tsc msr pae mce cx8 apic sep mtrr pge mca cmov pat pse36 clflush dts acpi mmx fxsr sse sse2 ss ht tm pbe syscall nx pdpe1gb rdtscp lm constant_tsc arch_perfmon pebs bts rep_good nopl xtopology nonstop_tsc aperfmperf eagerfpu pni pclmulqdq dtes64 monitor ds_cpl vmx est tm2 ssse3 sdbg fma cx16 xtpr pdcm pcid sse4_1 sse4_2 movbe popcnt tsc_deadline_timer aes xsave avx f16c rdrand lahf_lm abm epb tpr_shadow vnmi flexpriority ept vpid fsgsbase tsc_adjust bmi1 avx2 smep bmi2 erms invpcid xsaveopt dtherm ida arat pln pts
bugs		:
bogomips	: 5188.13
clflush size	: 64
cache_alignment	: 64
address sizes	: 39 bits physical, 48 bits virtual
power management:

processor	: 3
vendor_id	: GenuineIntel
cpu family	: 6
model		: 69
model name	: Intel(R) Core(TM) i7-4510U CPU @ 2.00GHz
stepping	: 1
microcode	: 0x1c
cpu MHz		: 2799.976
cache size	: 4096 KB
physical id	: 0
siblings	: 4
core id		: 1
cpu cores	: 2
apicid		: 3
initial apicid	: 3
fpu		: yes
fpu_exception	: yes
cpuid level	: 13
wp		: yes
flags		: fpu vme de pse tsc msr pae mce cx8 apic sep mtrr pge mca cmov pat pse36 clflush dts acpi mmx fxsr sse sse2 ss ht tm pbe syscall nx pdpe1gb rdtscp lm constant_tsc arch_perfmon pebs bts rep_good nopl xtopology nonstop_tsc aperfmperf eagerfpu pni pclmulqdq dtes64 monitor ds_cpl vmx est tm2 ssse3 sdbg fma cx16 xtpr pdcm pcid sse4_1 sse4_2 movbe popcnt tsc_deadline_timer aes xsave avx f16c rdrand lahf_lm abm epb tpr_shadow vnmi flexpriority ept vpid fsgsbase tsc_adjust bmi1 avx2 smep bmi2 erms invpcid xsaveopt dtherm ida arat pln pts
bugs		:
bogomips	: 5188.13
clflush size	: 64
cache_alignment	: 64
address sizes	: 39 bits physical, 48 bits virtual
power management:



Memory: 4k page, physical 8103632k(1811972k free), swap 0k(0k free)

vm_info: Java HotSpot(TM) 64-Bit Server VM (25.91-b14) for linux-amd64 JRE (1.8.0_91-b14), built on Apr  1 2016 00:57:21 by "java_re" with gcc 4.3.0 20080428 (Red Hat 4.3.0-8)

time: Sun Jun 26 09:46:54 2016
elapsed time: 32 seconds (0d 0h 0m 32s)

