#
# There is insufficient memory for the Java Runtime Environment to continue.
# Native memory allocation (mmap) failed to map 169869312 bytes for committing reserved memory.
# Possible reasons:
#   The system is out of physical RAM or swap space
#   In 32 bit mode, the process size limit was hit
# Possible solutions:
#   Reduce memory load on the system
#   Increase physical memory or swap space
#   Check if swap backing store is full
#   Use 64 bit Java on a 64 bit OS
#   Decrease Java heap size (-Xmx/-Xms)
#   Decrease number of Java threads
#   Decrease Java thread stack sizes (-Xss)
#   Set larger code cache with -XX:ReservedCodeCacheSize=
# This output file may be truncated or incomplete.
#
#  Out of Memory Error (os_linux.cpp:2627), pid=29025, tid=140416696403712
#
# JRE version: Java(TM) SE Runtime Environment (8.0_91-b14) (build 1.8.0_91-b14)
# Java VM: Java HotSpot(TM) 64-Bit Server VM (25.91-b14 mixed mode linux-amd64 compressed oops)
# Failed to write core dump. Core dumps have been disabled. To enable core dumping, try "ulimit -c unlimited" before starting Java again
#

---------------  T H R E A D  ---------------

Current thread (0x00007fb56c078000):  VMThread [stack: 0x00007fb54f3f4000,0x00007fb54f4f5000] [id=29034]

Stack: [0x00007fb54f3f4000,0x00007fb54f4f5000],  sp=0x00007fb54f4f30a0,  free space=1020k
Native frames: (J=compiled Java code, j=interpreted, Vv=VM code, C=native code)
V  [libjvm.so+0xabc18a]  VMError::report_and_die()+0x2ba
V  [libjvm.so+0x4fafeb]  report_vm_out_of_memory(char const*, int, unsigned long, VMErrorType, char const*)+0x8b
V  [libjvm.so+0x91cbb3]  os::Linux::commit_memory_impl(char*, unsigned long, bool)+0x103
V  [libjvm.so+0x91d109]  os::pd_commit_memory(char*, unsigned long, unsigned long, bool)+0x29
V  [libjvm.so+0x91740a]  os::commit_memory(char*, unsigned long, unsigned long, bool)+0x2a
V  [libjvm.so+0x98b033]  PSVirtualSpace::expand_by(unsigned long)+0x53
V  [libjvm.so+0x98c438]  PSYoungGen::resize_generation(unsigned long, unsigned long)+0xf8
V  [libjvm.so+0x98b592]  PSYoungGen::resize(unsigned long, unsigned long)+0x22
V  [libjvm.so+0x98886b]  PSScavenge::invoke_no_policy()+0xf3b
V  [libjvm.so+0x988ff1]  PSScavenge::invoke()+0x41
V  [libjvm.so+0x9408b0]  ParallelScavengeHeap::failed_mem_allocate(unsigned long)+0x70
V  [libjvm.so+0xabdba7]  VM_ParallelGCFailedAllocation::doit()+0x97
V  [libjvm.so+0xac55d5]  VM_Operation::evaluate()+0x55
V  [libjvm.so+0xac39aa]  VMThread::evaluate_operation(VM_Operation*)+0xba
V  [libjvm.so+0xac3d2e]  VMThread::loop()+0x1ce
V  [libjvm.so+0xac41a0]  VMThread::run()+0x70
V  [libjvm.so+0x91ef78]  java_start(Thread*)+0x108

VM_Operation (0x00007fb54e028df0): ParallelGCFailedAllocation, mode: safepoint, requested by thread 0x00007fb56c157000


---------------  P R O C E S S  ---------------

Java Threads: ( => current thread )
  0x00007fb56c15c000 JavaThread "pool-2-thread-4" [_thread_blocked, id=29048, stack(0x00007fb54dd28000,0x00007fb54de29000)]
  0x00007fb56c15a000 JavaThread "pool-2-thread-3" [_thread_blocked, id=29047, stack(0x00007fb54de29000,0x00007fb54df2a000)]
  0x00007fb56c157000 JavaThread "pool-2-thread-2" [_thread_blocked, id=29046, stack(0x00007fb54df2a000,0x00007fb54e02b000)]
  0x00007fb56c14b800 JavaThread "pool-3-thread-1" [_thread_blocked, id=29045, stack(0x00007fb54e02b000,0x00007fb54e12c000)]
  0x00007fb56c149000 JavaThread "pool-2-thread-1" [_thread_blocked, id=29044, stack(0x00007fb54e12c000,0x00007fb54e22d000)]
  0x00007fb56c0c0800 JavaThread "Service Thread" daemon [_thread_blocked, id=29042, stack(0x00007fb54e32e000,0x00007fb54e42f000)]
  0x00007fb56c0bd800 JavaThread "C1 CompilerThread2" daemon [_thread_blocked, id=29041, stack(0x00007fb54e42f000,0x00007fb54e530000)]
  0x00007fb56c0bb800 JavaThread "C2 CompilerThread1" daemon [_thread_blocked, id=29040, stack(0x00007fb54e530000,0x00007fb54e631000)]
  0x00007fb56c0b9000 JavaThread "C2 CompilerThread0" daemon [_thread_blocked, id=29039, stack(0x00007fb54e631000,0x00007fb54e732000)]
  0x00007fb56c0b7800 JavaThread "Signal Dispatcher" daemon [_thread_blocked, id=29038, stack(0x00007fb54e732000,0x00007fb54e833000)]
  0x00007fb56c084000 JavaThread "Finalizer" daemon [_thread_blocked, id=29036, stack(0x00007fb54f1f2000,0x00007fb54f2f3000)]
  0x00007fb56c07f800 JavaThread "Reference Handler" daemon [_thread_blocked, id=29035, stack(0x00007fb54f2f3000,0x00007fb54f3f4000)]
  0x00007fb56c00a000 JavaThread "main" [_thread_blocked, id=29027, stack(0x00007fb575b03000,0x00007fb575c04000)]

Other Threads:
=>0x00007fb56c078000 VMThread [stack: 0x00007fb54f3f4000,0x00007fb54f4f5000] [id=29034]
  0x00007fb56c0c3000 WatcherThread [stack: 0x00007fb54e22d000,0x00007fb54e32e000] [id=29043]

VM state:at safepoint (normal execution)

VM Mutex/Monitor currently owned by a thread:  ([mutex/lock_event])
[0x00007fb56c0064f0] Threads_lock - owner thread: 0x00007fb56c078000
[0x00007fb56c0069f0] Heap_lock - owner thread: 0x00007fb56c157000

Heap:
 PSYoungGen      total 132096K, used 5105K [0x00000000eab00000, 0x00000000f3100000, 0x0000000100000000)
  eden space 126976K, 0% used [0x00000000eab00000,0x00000000eab00000,0x00000000f2700000)
  from space 5120K, 99% used [0x00000000f2700000,0x00000000f2bfc420,0x00000000f2c00000)
  to   space 5120K, 0% used [0x00000000f2c00000,0x00000000f2c00000,0x00000000f3100000)
 ParOldGen       total 84992K, used 40104K [0x00000000c0000000, 0x00000000c5300000, 0x00000000eab00000)
  object space 84992K, 47% used [0x00000000c0000000,0x00000000c272a128,0x00000000c5300000)
 Metaspace       used 6302K, capacity 7192K, committed 7424K, reserved 1056768K
  class space    used 614K, capacity 656K, committed 768K, reserved 1048576K

Card table byte_map: [0x00007fb5726ba000,0x00007fb5728bb000] byte_map_base: 0x00007fb5720ba000

Marking Bits: (ParMarkBitMap*) 0x00007fb574fd8d60
 Begin Bits: [0x00007fb570160000, 0x00007fb571160000)
 End Bits:   [0x00007fb571160000, 0x00007fb572160000)

Polling page: 0x00007fb575c27000

CodeCache: size=245760Kb used=6209Kb max_used=6209Kb free=239550Kb
 bounds [0x00007fb55d000000, 0x00007fb55d620000, 0x00007fb56c000000]
 total_blobs=2014 nmethods=1745 adapters=182
 compilation: enabled

Compilation events (10 events):
Event: 8.425 Thread 0x00007fb56c0bd800 2061       2       com.android.dx.cf.direct.DirectClassFile::makeTypeList (47 bytes)
Event: 8.425 Thread 0x00007fb56c0bd800 nmethod 2061 0x00007fb55d5ed710 code [0x00007fb55d5ed8a0, 0x00007fb55d5edb58]
Event: 8.460 Thread 0x00007fb56c0bb800 nmethod 1612 0x00007fb55d607190 code [0x00007fb55d6078e0, 0x00007fb55d60b3c0]
Event: 8.460 Thread 0x00007fb56c0bb800 1950       4       com.android.dx.ssa.MoveParamCombiner$1::visitNonMoveInsn (213 bytes)
Event: 8.466 Thread 0x00007fb56c0bd800 2063       2       java.util.DualPivotQuicksort::sort (1195 bytes)
Event: 8.469 Thread 0x00007fb56c0bd800 nmethod 2063 0x00007fb55d603790 code [0x00007fb55d603a80, 0x00007fb55d604f88]
Event: 8.498 Thread 0x00007fb56c0bd800 2064 %     3       com.android.dx.ssa.SsaBasicBlock::replaceSuccessor @ 37 (125 bytes)
Event: 8.499 Thread 0x00007fb56c0bd800 nmethod 2064% 0x00007fb55d613810 code [0x00007fb55d613aa0, 0x00007fb55d6149b8]
Event: 8.499 Thread 0x00007fb56c0bd800 2065       3       com.android.dx.ssa.SsaBasicBlock::replaceSuccessor (125 bytes)
Event: 8.501 Thread 0x00007fb56c0bd800 nmethod 2065 0x00007fb55d615310 code [0x00007fb55d6155a0, 0x00007fb55d6163b8]

GC Heap History (9 events):
Event: 2.800 GC heap before
{Heap before GC invocations=1 (full 0):
 PSYoungGen      total 36864K, used 31744K [0x00000000eab00000, 0x00000000ed400000, 0x0000000100000000)
  eden space 31744K, 100% used [0x00000000eab00000,0x00000000eca00000,0x00000000eca00000)
  from space 5120K, 0% used [0x00000000ecf00000,0x00000000ecf00000,0x00000000ed400000)
  to   space 5120K, 0% used [0x00000000eca00000,0x00000000eca00000,0x00000000ecf00000)
 ParOldGen       total 84992K, used 0K [0x00000000c0000000, 0x00000000c5300000, 0x00000000eab00000)
  object space 84992K, 0% used [0x00000000c0000000,0x00000000c0000000,0x00000000c5300000)
 Metaspace       used 5783K, capacity 6768K, committed 7040K, reserved 1056768K
  class space    used 592K, capacity 616K, committed 640K, reserved 1048576K
Event: 2.859 GC heap after
Heap after GC invocations=1 (full 0):
 PSYoungGen      total 36864K, used 5109K [0x00000000eab00000, 0x00000000ef300000, 0x0000000100000000)
  eden space 31744K, 0% used [0x00000000eab00000,0x00000000eab00000,0x00000000eca00000)
  from space 5120K, 99% used [0x00000000eca00000,0x00000000ecefd620,0x00000000ecf00000)
  to   space 5120K, 0% used [0x00000000eee00000,0x00000000eee00000,0x00000000ef300000)
 ParOldGen       total 84992K, used 831K [0x00000000c0000000, 0x00000000c5300000, 0x00000000eab00000)
  object space 84992K, 0% used [0x00000000c0000000,0x00000000c00cfd50,0x00000000c5300000)
 Metaspace       used 5783K, capacity 6768K, committed 7040K, reserved 1056768K
  class space    used 592K, capacity 616K, committed 640K, reserved 1048576K
}
Event: 3.945 GC heap before
{Heap before GC invocations=2 (full 0):
 PSYoungGen      total 36864K, used 36853K [0x00000000eab00000, 0x00000000ef300000, 0x0000000100000000)
  eden space 31744K, 100% used [0x00000000eab00000,0x00000000eca00000,0x00000000eca00000)
  from space 5120K, 99% used [0x00000000eca00000,0x00000000ecefd620,0x00000000ecf00000)
  to   space 5120K, 0% used [0x00000000eee00000,0x00000000eee00000,0x00000000ef300000)
 ParOldGen       total 84992K, used 831K [0x00000000c0000000, 0x00000000c5300000, 0x00000000eab00000)
  object space 84992K, 0% used [0x00000000c0000000,0x00000000c00cfd50,0x00000000c5300000)
 Metaspace       used 5869K, capacity 6832K, committed 7040K, reserved 1056768K
  class space    used 593K, capacity 616K, committed 640K, reserved 1048576K
Event: 4.083 GC heap after
Heap after GC invocations=2 (full 0):
 PSYoungGen      total 68608K, used 5115K [0x00000000eab00000, 0x00000000ef300000, 0x0000000100000000)
  eden space 63488K, 0% used [0x00000000eab00000,0x00000000eab00000,0x00000000ee900000)
  from space 5120K, 99% used [0x00000000eee00000,0x00000000ef2fec40,0x00000000ef300000)
  to   space 5120K, 0% used [0x00000000ee900000,0x00000000ee900000,0x00000000eee00000)
 ParOldGen       total 84992K, used 4609K [0x00000000c0000000, 0x00000000c5300000, 0x00000000eab00000)
  object space 84992K, 5% used [0x00000000c0000000,0x00000000c0480550,0x00000000c5300000)
 Metaspace       used 5869K, capacity 6832K, committed 7040K, reserved 1056768K
  class space    used 593K, capacity 616K, committed 640K, reserved 1048576K
}
Event: 5.480 GC heap before
{Heap before GC invocations=3 (full 0):
 PSYoungGen      total 68608K, used 68603K [0x00000000eab00000, 0x00000000ef300000, 0x0000000100000000)
  eden space 63488K, 100% used [0x00000000eab00000,0x00000000ee900000,0x00000000ee900000)
  from space 5120K, 99% used [0x00000000eee00000,0x00000000ef2fec40,0x00000000ef300000)
  to   space 5120K, 0% used [0x00000000ee900000,0x00000000ee900000,0x00000000eee00000)
 ParOldGen       total 84992K, used 4609K [0x00000000c0000000, 0x00000000c5300000, 0x00000000eab00000)
  object space 84992K, 5% used [0x00000000c0000000,0x00000000c0480550,0x00000000c5300000)
 Metaspace       used 5966K, capacity 6896K, committed 7040K, reserved 1056768K
  class space    used 594K, capacity 616K, committed 640K, reserved 1048576K
Event: 5.662 GC heap after
Heap after GC invocations=3 (full 0):
 PSYoungGen      total 68608K, used 5110K [0x00000000eab00000, 0x00000000f3100000, 0x0000000100000000)
  eden space 63488K, 0% used [0x00000000eab00000,0x00000000eab00000,0x00000000ee900000)
  from space 5120K, 99% used [0x00000000ee900000,0x00000000eedfda20,0x00000000eee00000)
  to   space 5120K, 0% used [0x00000000f2c00000,0x00000000f2c00000,0x00000000f3100000)
 ParOldGen       total 84992K, used 13275K [0x00000000c0000000, 0x00000000c5300000, 0x00000000eab00000)
  object space 84992K, 15% used [0x00000000c0000000,0x00000000c0cf6e28,0x00000000c5300000)
 Metaspace       used 5966K, capacity 6896K, committed 7040K, reserved 1056768K
  class space    used 594K, capacity 616K, committed 640K, reserved 1048576K
}
Event: 6.784 GC heap before
{Heap before GC invocations=4 (full 0):
 PSYoungGen      total 68608K, used 68598K [0x00000000eab00000, 0x00000000f3100000, 0x0000000100000000)
  eden space 63488K, 100% used [0x00000000eab00000,0x00000000ee900000,0x00000000ee900000)
  from space 5120K, 99% used [0x00000000ee900000,0x00000000eedfda20,0x00000000eee00000)
  to   space 5120K, 0% used [0x00000000f2c00000,0x00000000f2c00000,0x00000000f3100000)
 ParOldGen       total 84992K, used 13275K [0x00000000c0000000, 0x00000000c5300000, 0x00000000eab00000)
  object space 84992K, 15% used [0x00000000c0000000,0x00000000c0cf6e28,0x00000000c5300000)
 Metaspace       used 6194K, capacity 7064K, committed 7424K, reserved 1056768K
  class space    used 614K, capacity 656K, committed 768K, reserved 1048576K
Event: 6.962 GC heap after
Heap after GC invocations=4 (full 0):
 PSYoungGen      total 132096K, used 5117K [0x00000000eab00000, 0x00000000f3100000, 0x0000000100000000)
  eden space 126976K, 0% used [0x00000000eab00000,0x00000000eab00000,0x00000000f2700000)
  from space 5120K, 99% used [0x00000000f2c00000,0x00000000f30ff7c0,0x00000000f3100000)
  to   space 5120K, 0% used [0x00000000f2700000,0x00000000f2700000,0x00000000f2c00000)
 ParOldGen       total 84992K, used 22332K [0x00000000c0000000, 0x00000000c5300000, 0x00000000eab00000)
  object space 84992K, 26% used [0x00000000c0000000,0x00000000c15cf168,0x00000000c5300000)
 Metaspace       used 6194K, capacity 7064K, committed 7424K, reserved 1056768K
  class space    used 614K, capacity 656K, committed 768K, reserved 1048576K
}
Event: 8.571 GC heap before
{Heap before GC invocations=5 (full 0):
 PSYoungGen      total 132096K, used 132093K [0x00000000eab00000, 0x00000000f3100000, 0x0000000100000000)
  eden space 126976K, 100% used [0x00000000eab00000,0x00000000f2700000,0x00000000f2700000)
  from space 5120K, 99% used [0x00000000f2c00000,0x00000000f30ff7c0,0x00000000f3100000)
  to   space 5120K, 0% used [0x00000000f2700000,0x00000000f2700000,0x00000000f2c00000)
 ParOldGen       total 84992K, used 22332K [0x00000000c0000000, 0x00000000c5300000, 0x00000000eab00000)
  object space 84992K, 26% used [0x00000000c0000000,0x00000000c15cf168,0x00000000c5300000)
 Metaspace       used 6302K, capacity 7192K, committed 7424K, reserved 1056768K
  class space    used 614K, capacity 656K, committed 768K, reserved 1048576K

Deoptimization events (9 events):
Event: 0.899 Thread 0x00007fb56c00a000 Uncommon trap: reason=unstable_if action=reinterpret pc=0x00007fb55d16ae50 method=java.lang.String.indexOf(II)I @ 49
Event: 2.859 Thread 0x00007fb56c15a000 Uncommon trap: reason=unstable_if action=reinterpret pc=0x00007fb55d240224 method=com.android.dx.rop.code.RegisterSpec.equals(ILcom/android/dx/rop/type/TypeBearer;Lcom/android/dx/rop/code/LocalItem;)Z @ 42
Event: 3.463 Thread 0x00007fb56c00a000 Uncommon trap: reason=unstable_if action=reinterpret pc=0x00007fb55d201210 method=java.lang.String.<init>([CII)V @ 18
Event: 3.897 Thread 0x00007fb56c157000 Uncommon trap: reason=unstable_if action=reinterpret pc=0x00007fb55d234c1c method=com.android.dx.rop.cst.Constant.compareTo(Lcom/android/dx/rop/cst/Constant;)I @ 12
Event: 4.239 Thread 0x00007fb56c00a000 Uncommon trap: reason=unstable_if action=reinterpret pc=0x00007fb55d1d8cd4 method=java.lang.String.<init>([CII)V @ 18
Event: 5.037 Thread 0x00007fb56c15a000 Uncommon trap: reason=unstable_if action=reinterpret pc=0x00007fb55d358704 method=com.android.dx.util.IntList.binarysearch(I)I @ 105
Event: 6.505 Thread 0x00007fb56c00a000 Uncommon trap: reason=unstable_if action=reinterpret pc=0x00007fb55d2b3ba0 method=java.util.HashMap.putVal(ILjava/lang/Object;Ljava/lang/Object;ZZ)Ljava/lang/Object; @ 162
Event: 6.778 Thread 0x00007fb56c00a000 Uncommon trap: reason=unstable_if action=reinterpret pc=0x00007fb55d20376c method=java.util.HashMap.getNode(ILjava/lang/Object;)Ljava/util/HashMap$Node; @ 84
Event: 7.924 Thread 0x00007fb56c15a000 Uncommon trap: reason=unstable_if action=reinterpret pc=0x00007fb55d2e7988 method=com.android.dx.dex.code.OutputFinisher.hasLocalInfo(Lcom/android/dx/dex/code/DalvInsn;)Z @ 24

Internal exceptions (5 events):
Event: 0.102 Thread 0x00007fb56c00a000 Exception <a 'java/lang/NoSuchMethodError': Method sun.misc.Unsafe.defineClass(Ljava/lang/String;[BII)Ljava/lang/Class; name or signature does not match> (0x00000000eab07cc0) thrown at [/HUDSON/workspace/8-2-build-linux-amd64/jdk8u91/6644/hotspot/src/shar
Event: 0.102 Thread 0x00007fb56c00a000 Exception <a 'java/lang/NoSuchMethodError': Method sun.misc.Unsafe.prefetchRead(Ljava/lang/Object;J)V name or signature does not match> (0x00000000eab07fa8) thrown at [/HUDSON/workspace/8-2-build-linux-amd64/jdk8u91/6644/hotspot/src/share/vm/prims/jni.cpp
Event: 6.575 Thread 0x00007fb56c00a000 Exception <a 'java/lang/ArrayIndexOutOfBoundsException': 18> (0x00000000ee1d6168) thrown at [/HUDSON/workspace/8-2-build-linux-amd64/jdk8u91/6644/hotspot/src/share/vm/interpreter/interpreterRuntime.cpp, line 366]
Event: 6.575 Thread 0x00007fb56c00a000 Exception <a 'java/lang/ArrayIndexOutOfBoundsException': 145> (0x00000000ee1d7ce8) thrown at [/HUDSON/workspace/8-2-build-linux-amd64/jdk8u91/6644/hotspot/src/share/vm/interpreter/interpreterRuntime.cpp, line 366]
Event: 6.592 Thread 0x00007fb56c00a000 Exception <a 'java/lang/ArrayIndexOutOfBoundsException'> (0x00000000ee1d8fd0) thrown at [/HUDSON/workspace/8-2-build-linux-amd64/jdk8u91/6644/hotspot/src/share/vm/runtime/sharedRuntime.cpp, line 605]

Events (10 events):
Event: 8.425 Thread 0x00007fb56c149000 DEOPT UNPACKING pc=0x00007fb55d047633 sp=0x00007fb54e22ab08 mode 0
Event: 8.452 Thread 0x00007fb56c15c000 DEOPT PACKING pc=0x00007fb55d2c30b2 sp=0x00007fb54de26dd0
Event: 8.452 Thread 0x00007fb56c15c000 DEOPT UNPACKING pc=0x00007fb55d047633 sp=0x00007fb54de26bd0 mode 0
Event: 8.483 Thread 0x00007fb56c15c000 DEOPT PACKING pc=0x00007fb55d2c2ff8 sp=0x00007fb54de26ef0
Event: 8.483 Thread 0x00007fb56c15c000 DEOPT UNPACKING pc=0x00007fb55d047633 sp=0x00007fb54de26cf0 mode 0
Event: 8.501 Thread 0x00007fb56c157000 DEOPT PACKING pc=0x00007fb55d3b1aa6 sp=0x00007fb54e028b10
Event: 8.501 Thread 0x00007fb56c157000 DEOPT UNPACKING pc=0x00007fb55d047633 sp=0x00007fb54e0288b0 mode 0
Event: 8.507 Thread 0x00007fb56c15a000 DEOPT PACKING pc=0x00007fb55d36e708 sp=0x00007fb54df27e20
Event: 8.507 Thread 0x00007fb56c15a000 DEOPT UNPACKING pc=0x00007fb55d047633 sp=0x00007fb54df27ba8 mode 0
Event: 8.509 Executing VM operation: ParallelGCFailedAllocation


Dynamic libraries:
00400000-00401000 r-xp 00000000 08:07 2367478                            /usr/lib/jvm/java-8-oracle/bin/java
00600000-00601000 rw-p 00000000 08:07 2367478                            /usr/lib/jvm/java-8-oracle/bin/java
0250b000-0252c000 rw-p 00000000 00:00 0                                  [heap]
c0000000-c5300000 rw-p 00000000 00:00 0 
c5300000-eab00000 ---p 00000000 00:00 0 
eab00000-f3100000 rw-p 00000000 00:00 0 
fd300000-100000000 ---p 00000000 00:00 0 
100000000-1000c0000 rw-p 00000000 00:00 0 
1000c0000-140000000 ---p 00000000 00:00 0 
7fb50c000000-7fb50c021000 rw-p 00000000 00:00 0 
7fb50c021000-7fb510000000 ---p 00000000 00:00 0 
7fb514000000-7fb514021000 rw-p 00000000 00:00 0 
7fb514021000-7fb518000000 ---p 00000000 00:00 0 
7fb518000000-7fb518021000 rw-p 00000000 00:00 0 
7fb518021000-7fb51c000000 ---p 00000000 00:00 0 
7fb51c000000-7fb51c02a000 rw-p 00000000 00:00 0 
7fb51c02a000-7fb520000000 ---p 00000000 00:00 0 
7fb520000000-7fb520021000 rw-p 00000000 00:00 0 
7fb520021000-7fb524000000 ---p 00000000 00:00 0 
7fb524000000-7fb524021000 rw-p 00000000 00:00 0 
7fb524021000-7fb528000000 ---p 00000000 00:00 0 
7fb528000000-7fb528021000 rw-p 00000000 00:00 0 
7fb528021000-7fb52c000000 ---p 00000000 00:00 0 
7fb52c000000-7fb52c7a5000 rw-p 00000000 00:00 0 
7fb52c7a5000-7fb530000000 ---p 00000000 00:00 0 
7fb530000000-7fb53062e000 rw-p 00000000 00:00 0 
7fb53062e000-7fb534000000 ---p 00000000 00:00 0 
7fb534000000-7fb534021000 rw-p 00000000 00:00 0 
7fb534021000-7fb538000000 ---p 00000000 00:00 0 
7fb538000000-7fb5386bf000 rw-p 00000000 00:00 0 
7fb5386bf000-7fb53c000000 ---p 00000000 00:00 0 
7fb53c000000-7fb53c021000 rw-p 00000000 00:00 0 
7fb53c021000-7fb540000000 ---p 00000000 00:00 0 
7fb540000000-7fb540021000 rw-p 00000000 00:00 0 
7fb540021000-7fb544000000 ---p 00000000 00:00 0 
7fb544000000-7fb54428d000 rw-p 00000000 00:00 0 
7fb54428d000-7fb548000000 ---p 00000000 00:00 0 
7fb548000000-7fb548021000 rw-p 00000000 00:00 0 
7fb548021000-7fb54c000000 ---p 00000000 00:00 0 
7fb54dd28000-7fb54dd2b000 ---p 00000000 00:00 0 
7fb54dd2b000-7fb54de29000 rw-p 00000000 00:00 0 
7fb54de29000-7fb54de2c000 ---p 00000000 00:00 0 
7fb54de2c000-7fb54df2a000 rw-p 00000000 00:00 0 
7fb54df2a000-7fb54df2d000 ---p 00000000 00:00 0 
7fb54df2d000-7fb54e02b000 rw-p 00000000 00:00 0 
7fb54e02b000-7fb54e02e000 ---p 00000000 00:00 0 
7fb54e02e000-7fb54e12c000 rw-p 00000000 00:00 0 
7fb54e12c000-7fb54e12f000 ---p 00000000 00:00 0 
7fb54e12f000-7fb54e22d000 rw-p 00000000 00:00 0 
7fb54e22d000-7fb54e22e000 ---p 00000000 00:00 0 
7fb54e22e000-7fb54e32e000 rw-p 00000000 00:00 0 
7fb54e32e000-7fb54e331000 ---p 00000000 00:00 0 
7fb54e331000-7fb54e42f000 rw-p 00000000 00:00 0 
7fb54e42f000-7fb54e432000 ---p 00000000 00:00 0 
7fb54e432000-7fb54e530000 rw-p 00000000 00:00 0 
7fb54e530000-7fb54e533000 ---p 00000000 00:00 0 
7fb54e533000-7fb54e631000 rw-p 00000000 00:00 0 
7fb54e631000-7fb54e634000 ---p 00000000 00:00 0 
7fb54e634000-7fb54e732000 rw-p 00000000 00:00 0 
7fb54e732000-7fb54e735000 ---p 00000000 00:00 0 
7fb54e735000-7fb54e833000 rw-p 00000000 00:00 0 
7fb54e833000-7fb54f1f2000 r--p 00000000 08:07 2366607                    /usr/lib/locale/locale-archive
7fb54f1f2000-7fb54f1f5000 ---p 00000000 00:00 0 
7fb54f1f5000-7fb54f2f3000 rw-p 00000000 00:00 0 
7fb54f2f3000-7fb54f2f6000 ---p 00000000 00:00 0 
7fb54f2f6000-7fb54f3f4000 rw-p 00000000 00:00 0 
7fb54f3f4000-7fb54f3f5000 ---p 00000000 00:00 0 
7fb54f3f5000-7fb550000000 rw-p 00000000 00:00 0 
7fb550000000-7fb550021000 rw-p 00000000 00:00 0 
7fb550021000-7fb554000000 ---p 00000000 00:00 0 
7fb554000000-7fb554021000 rw-p 00000000 00:00 0 
7fb554021000-7fb558000000 ---p 00000000 00:00 0 
7fb558000000-7fb558021000 rw-p 00000000 00:00 0 
7fb558021000-7fb55c000000 ---p 00000000 00:00 0 
7fb55c023000-7fb55c427000 rw-p 00000000 00:00 0 
7fb55c427000-7fb55c600000 r--s 03d1f000 08:07 2898188                    /usr/lib/jvm/java-8-oracle/jre/lib/rt.jar
7fb55c600000-7fb55cc80000 rw-p 00000000 00:00 0 
7fb55cc80000-7fb55ce00000 ---p 00000000 00:00 0 
7fb55ce00000-7fb55d000000 rw-p 00000000 00:00 0 
7fb55d000000-7fb55d620000 rwxp 00000000 00:00 0 
7fb55d620000-7fb56c000000 ---p 00000000 00:00 0 
7fb56c000000-7fb56c391000 rw-p 00000000 00:00 0 
7fb56c391000-7fb570000000 ---p 00000000 00:00 0 
7fb57002d000-7fb570037000 r--s 00097000 08:07 7085782                    /home/michael/aws/DropShop/app/build/intermediates/exploded-aar/com.android.support/appcompat-v7/24.0.0/jars/classes.jar
7fb570037000-7fb570045000 r--s 000e0000 08:07 7216802                    /home/michael/Android/Sdk/build-tools/24.0.0/lib/dx.jar
7fb570045000-7fb572160000 rw-p 00000000 00:00 0 
7fb572160000-7fb572161000 ---p 00000000 00:00 0 
7fb572161000-7fb572261000 rw-p 00000000 00:00 0 
7fb572261000-7fb572262000 ---p 00000000 00:00 0 
7fb572262000-7fb572362000 rw-p 00000000 00:00 0 
7fb572362000-7fb572363000 ---p 00000000 00:00 0 
7fb572363000-7fb572463000 rw-p 00000000 00:00 0 
7fb572463000-7fb572464000 ---p 00000000 00:00 0 
7fb572464000-7fb57258e000 rw-p 00000000 00:00 0 
7fb57258e000-7fb5726ba000 ---p 00000000 00:00 0 
7fb5726ba000-7fb5726e4000 rw-p 00000000 00:00 0 
7fb5726e4000-7fb57280f000 ---p 00000000 00:00 0 
7fb57280f000-7fb572853000 rw-p 00000000 00:00 0 
7fb572853000-7fb5728ba000 ---p 00000000 00:00 0 
7fb5728ba000-7fb5728d4000 rw-p 00000000 00:00 0 
7fb5728d4000-7fb572c7b000 ---p 00000000 00:00 0 
7fb572c7b000-7fb572c95000 r-xp 00000000 08:07 2898239                    /usr/lib/jvm/java-8-oracle/jre/lib/amd64/libzip.so
7fb572c95000-7fb572e95000 ---p 0001a000 08:07 2898239                    /usr/lib/jvm/java-8-oracle/jre/lib/amd64/libzip.so
7fb572e95000-7fb572e96000 rw-p 0001a000 08:07 2898239                    /usr/lib/jvm/java-8-oracle/jre/lib/amd64/libzip.so
7fb572e96000-7fb572ea1000 r-xp 00000000 08:07 5116480                    /lib/x86_64-linux-gnu/libnss_files-2.23.so
7fb572ea1000-7fb5730a0000 ---p 0000b000 08:07 5116480                    /lib/x86_64-linux-gnu/libnss_files-2.23.so
7fb5730a0000-7fb5730a1000 r--p 0000a000 08:07 5116480                    /lib/x86_64-linux-gnu/libnss_files-2.23.so
7fb5730a1000-7fb5730a2000 rw-p 0000b000 08:07 5116480                    /lib/x86_64-linux-gnu/libnss_files-2.23.so
7fb5730a2000-7fb5730a8000 rw-p 00000000 00:00 0 
7fb5730a8000-7fb5730b3000 r-xp 00000000 08:07 5116490                    /lib/x86_64-linux-gnu/libnss_nis-2.23.so
7fb5730b3000-7fb5732b2000 ---p 0000b000 08:07 5116490                    /lib/x86_64-linux-gnu/libnss_nis-2.23.so
7fb5732b2000-7fb5732b3000 r--p 0000a000 08:07 5116490                    /lib/x86_64-linux-gnu/libnss_nis-2.23.so
7fb5732b3000-7fb5732b4000 rw-p 0000b000 08:07 5116490                    /lib/x86_64-linux-gnu/libnss_nis-2.23.so
7fb5732b4000-7fb5732ca000 r-xp 00000000 08:07 5116474                    /lib/x86_64-linux-gnu/libnsl-2.23.so
7fb5732ca000-7fb5734c9000 ---p 00016000 08:07 5116474                    /lib/x86_64-linux-gnu/libnsl-2.23.so
7fb5734c9000-7fb5734ca000 r--p 00015000 08:07 5116474                    /lib/x86_64-linux-gnu/libnsl-2.23.so
7fb5734ca000-7fb5734cb000 rw-p 00016000 08:07 5116474                    /lib/x86_64-linux-gnu/libnsl-2.23.so
7fb5734cb000-7fb5734cd000 rw-p 00000000 00:00 0 
7fb5734cd000-7fb5734d5000 r-xp 00000000 08:07 5116476                    /lib/x86_64-linux-gnu/libnss_compat-2.23.so
7fb5734d5000-7fb5736d4000 ---p 00008000 08:07 5116476                    /lib/x86_64-linux-gnu/libnss_compat-2.23.so
7fb5736d4000-7fb5736d5000 r--p 00007000 08:07 5116476                    /lib/x86_64-linux-gnu/libnss_compat-2.23.so
7fb5736d5000-7fb5736d6000 rw-p 00008000 08:07 5116476                    /lib/x86_64-linux-gnu/libnss_compat-2.23.so
7fb5736d6000-7fb573700000 r-xp 00000000 08:07 2898234                    /usr/lib/jvm/java-8-oracle/jre/lib/amd64/libjava.so
7fb573700000-7fb573900000 ---p 0002a000 08:07 2898234                    /usr/lib/jvm/java-8-oracle/jre/lib/amd64/libjava.so
7fb573900000-7fb573902000 rw-p 0002a000 08:07 2898234                    /usr/lib/jvm/java-8-oracle/jre/lib/amd64/libjava.so
7fb573902000-7fb57390f000 r-xp 00000000 08:07 2898238                    /usr/lib/jvm/java-8-oracle/jre/lib/amd64/libverify.so
7fb57390f000-7fb573b0f000 ---p 0000d000 08:07 2898238                    /usr/lib/jvm/java-8-oracle/jre/lib/amd64/libverify.so
7fb573b0f000-7fb573b11000 rw-p 0000d000 08:07 2898238                    /usr/lib/jvm/java-8-oracle/jre/lib/amd64/libverify.so
7fb573b11000-7fb573b18000 r-xp 00000000 08:07 5116535                    /lib/x86_64-linux-gnu/librt-2.23.so
7fb573b18000-7fb573d17000 ---p 00007000 08:07 5116535                    /lib/x86_64-linux-gnu/librt-2.23.so
7fb573d17000-7fb573d18000 r--p 00006000 08:07 5116535                    /lib/x86_64-linux-gnu/librt-2.23.so
7fb573d18000-7fb573d19000 rw-p 00007000 08:07 5116535                    /lib/x86_64-linux-gnu/librt-2.23.so
7fb573d19000-7fb573e21000 r-xp 00000000 08:07 5116451                    /lib/x86_64-linux-gnu/libm-2.23.so
7fb573e21000-7fb574020000 ---p 00108000 08:07 5116451                    /lib/x86_64-linux-gnu/libm-2.23.so
7fb574020000-7fb574021000 r--p 00107000 08:07 5116451                    /lib/x86_64-linux-gnu/libm-2.23.so
7fb574021000-7fb574022000 rw-p 00108000 08:07 5116451                    /lib/x86_64-linux-gnu/libm-2.23.so
7fb574022000-7fb574ce2000 r-xp 00000000 08:07 3021785                    /usr/lib/jvm/java-8-oracle/jre/lib/amd64/server/libjvm.so
7fb574ce2000-7fb574ee2000 ---p 00cc0000 08:07 3021785                    /usr/lib/jvm/java-8-oracle/jre/lib/amd64/server/libjvm.so
7fb574ee2000-7fb574fba000 rw-p 00cc0000 08:07 3021785                    /usr/lib/jvm/java-8-oracle/jre/lib/amd64/server/libjvm.so
7fb574fba000-7fb575005000 rw-p 00000000 00:00 0 
7fb575005000-7fb5751c5000 r-xp 00000000 08:07 5116381                    /lib/x86_64-linux-gnu/libc-2.23.so
7fb5751c5000-7fb5753c4000 ---p 001c0000 08:07 5116381                    /lib/x86_64-linux-gnu/libc-2.23.so
7fb5753c4000-7fb5753c8000 r--p 001bf000 08:07 5116381                    /lib/x86_64-linux-gnu/libc-2.23.so
7fb5753c8000-7fb5753ca000 rw-p 001c3000 08:07 5116381                    /lib/x86_64-linux-gnu/libc-2.23.so
7fb5753ca000-7fb5753ce000 rw-p 00000000 00:00 0 
7fb5753ce000-7fb5753d1000 r-xp 00000000 08:07 5116405                    /lib/x86_64-linux-gnu/libdl-2.23.so
7fb5753d1000-7fb5755d0000 ---p 00003000 08:07 5116405                    /lib/x86_64-linux-gnu/libdl-2.23.so
7fb5755d0000-7fb5755d1000 r--p 00002000 08:07 5116405                    /lib/x86_64-linux-gnu/libdl-2.23.so
7fb5755d1000-7fb5755d2000 rw-p 00003000 08:07 5116405                    /lib/x86_64-linux-gnu/libdl-2.23.so
7fb5755d2000-7fb5755e7000 r-xp 00000000 08:07 2500474                    /usr/lib/jvm/java-8-oracle/lib/amd64/jli/libjli.so
7fb5755e7000-7fb5757e7000 ---p 00015000 08:07 2500474                    /usr/lib/jvm/java-8-oracle/lib/amd64/jli/libjli.so
7fb5757e7000-7fb5757e8000 rw-p 00015000 08:07 2500474                    /usr/lib/jvm/java-8-oracle/lib/amd64/jli/libjli.so
7fb5757e8000-7fb575800000 r-xp 00000000 08:07 5116527                    /lib/x86_64-linux-gnu/libpthread-2.23.so
7fb575800000-7fb5759ff000 ---p 00018000 08:07 5116527                    /lib/x86_64-linux-gnu/libpthread-2.23.so
7fb5759ff000-7fb575a00000 r--p 00017000 08:07 5116527                    /lib/x86_64-linux-gnu/libpthread-2.23.so
7fb575a00000-7fb575a01000 rw-p 00018000 08:07 5116527                    /lib/x86_64-linux-gnu/libpthread-2.23.so
7fb575a01000-7fb575a05000 rw-p 00000000 00:00 0 
7fb575a05000-7fb575a2b000 r-xp 00000000 08:07 5116353                    /lib/x86_64-linux-gnu/ld-2.23.so
7fb575a31000-7fb575b03000 rw-p 00000000 00:00 0 
7fb575b03000-7fb575b06000 ---p 00000000 00:00 0 
7fb575b06000-7fb575c08000 rw-p 00000000 00:00 0 
7fb575c0a000-7fb575c1e000 rw-p 00000000 00:00 0 
7fb575c1e000-7fb575c26000 rw-s 00000000 08:07 2898760                    /tmp/hsperfdata_michael/29025
7fb575c26000-7fb575c27000 rw-p 00000000 00:00 0 
7fb575c27000-7fb575c28000 ---p 00000000 00:00 0 
7fb575c28000-7fb575c2a000 rw-p 00000000 00:00 0 
7fb575c2a000-7fb575c2b000 r--p 00025000 08:07 5116353                    /lib/x86_64-linux-gnu/ld-2.23.so
7fb575c2b000-7fb575c2c000 rw-p 00026000 08:07 5116353                    /lib/x86_64-linux-gnu/ld-2.23.so
7fb575c2c000-7fb575c2d000 rw-p 00000000 00:00 0 
7ffd9e155000-7ffd9e176000 rw-p 00000000 00:00 0                          [stack]
7ffd9e1c9000-7ffd9e1cb000 r--p 00000000 00:00 0                          [vvar]
7ffd9e1cb000-7ffd9e1cd000 r-xp 00000000 00:00 0                          [vdso]
ffffffffff600000-ffffffffff601000 r-xp 00000000 00:00 0                  [vsyscall]

VM Arguments:
jvm_args: -Djava.awt.headless=true -Xmx1024M -Dfile.encoding=UTF-8 -Duser.country=US -Duser.language=en -Duser.variant 
java_command: com.android.dx.command.Main --dex --force-jumbo --num-threads=4 --multi-dex --output /home/michael/aws/DropShop/app/build/intermediates/transforms/dex/debug/folders/1000/10/com.android.support-appcompat-v7-24.0.0_6710c8773b49076b6a967df697cea682954516d8 /home/michael/aws/DropShop/app/build/intermediates/exploded-aar/com.android.support/appcompat-v7/24.0.0/jars/classes.jar
java_class_path (initial): /home/michael/Android/Sdk/build-tools/24.0.0/lib/dx.jar
Launcher Type: SUN_STANDARD

Environment Variables:
PATH=/usr/local/sbin:/usr/local/bin:/usr/sbin:/usr/bin:/sbin:/bin:/usr/games:/usr/local/games:/snap/bin:/home/michael/.node_modules
LD_LIBRARY_PATH=/opt/android-studio/bin:
SHELL=/bin/bash
DISPLAY=:0

Signal Handlers:
SIGSEGV: [libjvm.so+0xabca10], sa_mask[0]=11111111011111111101111111111110, sa_flags=SA_RESTART|SA_SIGINFO
SIGBUS: [libjvm.so+0xabca10], sa_mask[0]=11111111011111111101111111111110, sa_flags=SA_RESTART|SA_SIGINFO
SIGFPE: [libjvm.so+0x919a20], sa_mask[0]=11111111011111111101111111111110, sa_flags=SA_RESTART|SA_SIGINFO
SIGPIPE: [libjvm.so+0x919a20], sa_mask[0]=11111111011111111101111111111110, sa_flags=SA_RESTART|SA_SIGINFO
SIGXFSZ: [libjvm.so+0x919a20], sa_mask[0]=11111111011111111101111111111110, sa_flags=SA_RESTART|SA_SIGINFO
SIGILL: [libjvm.so+0x919a20], sa_mask[0]=11111111011111111101111111111110, sa_flags=SA_RESTART|SA_SIGINFO
SIGUSR1: SIG_DFL, sa_mask[0]=00000000000000000000000000000000, sa_flags=none
SIGUSR2: [libjvm.so+0x91b050], sa_mask[0]=00100000000000000000000000000000, sa_flags=SA_RESTART|SA_SIGINFO
SIGHUP: [libjvm.so+0x91c450], sa_mask[0]=11111111011111111101111111111110, sa_flags=SA_RESTART|SA_SIGINFO
SIGINT: [libjvm.so+0x91c450], sa_mask[0]=11111111011111111101111111111110, sa_flags=SA_RESTART|SA_SIGINFO
SIGTERM: [libjvm.so+0x91c450], sa_mask[0]=11111111011111111101111111111110, sa_flags=SA_RESTART|SA_SIGINFO
SIGQUIT: [libjvm.so+0x91c450], sa_mask[0]=11111111011111111101111111111110, sa_flags=SA_RESTART|SA_SIGINFO


---------------  S Y S T E M  ---------------

OS:DISTRIB_ID=Ubuntu
DISTRIB_RELEASE=16.04
DISTRIB_CODENAME=xenial
DISTRIB_DESCRIPTION="Ubuntu 16.04 LTS"

uname:Linux 4.4.0-24-generic #43-Ubuntu SMP Wed Jun 8 19:27:37 UTC 2016 x86_64
libc:glibc 2.23 NPTL 2.23 
rlimit: STACK 8192k, CORE 0k, NPROC 31272, NOFILE 65536, AS infinity
load average:11.44 5.14 3.13

/proc/meminfo:
MemTotal:        8103632 kB
MemFree:          178500 kB
MemAvailable:     153312 kB
Buffers:            2860 kB
Cached:          1399092 kB
SwapCached:            0 kB
Active:          6553092 kB
Inactive:        1174904 kB
Active(anon):    6513580 kB
Inactive(anon):  1144428 kB
Active(file):      39512 kB
Inactive(file):    30476 kB
Unevictable:          64 kB
Mlocked:              64 kB
SwapTotal:             0 kB
SwapFree:              0 kB
Dirty:              6944 kB
Writeback:             0 kB
AnonPages:       6326420 kB
Mapped:           508844 kB
Shmem:           1331688 kB
Slab:              88072 kB
SReclaimable:      48576 kB
SUnreclaim:        39496 kB
KernelStack:       10928 kB
PageTables:        43448 kB
NFS_Unstable:          0 kB
Bounce:                0 kB
WritebackTmp:          0 kB
CommitLimit:     4051816 kB
Committed_AS:   11795660 kB
VmallocTotal:   34359738367 kB
VmallocUsed:           0 kB
VmallocChunk:          0 kB
HardwareCorrupted:     0 kB
AnonHugePages:   3436544 kB
CmaTotal:              0 kB
CmaFree:               0 kB
HugePages_Total:       0
HugePages_Free:        0
HugePages_Rsvd:        0
HugePages_Surp:        0
Hugepagesize:       2048 kB
DirectMap4k:      156288 kB
DirectMap2M:     6064128 kB
DirectMap1G:     3145728 kB


CPU:total 4 (2 cores per cpu, 2 threads per core) family 6 model 69 stepping 1, cmov, cx8, fxsr, mmx, sse, sse2, sse3, ssse3, sse4.1, sse4.2, popcnt, avx, avx2, aes, clmul, erms, lzcnt, ht, tsc, tscinvbit, bmi1, bmi2

/proc/cpuinfo:
processor	: 0
vendor_id	: GenuineIntel
cpu family	: 6
model		: 69
model name	: Intel(R) Core(TM) i7-4510U CPU @ 2.00GHz
stepping	: 1
microcode	: 0x1c
cpu MHz		: 2447.757
cache size	: 4096 KB
physical id	: 0
siblings	: 4
core id		: 0
cpu cores	: 2
apicid		: 0
initial apicid	: 0
fpu		: yes
fpu_exception	: yes
cpuid level	: 13
wp		: yes
flags		: fpu vme de pse tsc msr pae mce cx8 apic sep mtrr pge mca cmov pat pse36 clflush dts acpi mmx fxsr sse sse2 ss ht tm pbe syscall nx pdpe1gb rdtscp lm constant_tsc arch_perfmon pebs bts rep_good nopl xtopology nonstop_tsc aperfmperf eagerfpu pni pclmulqdq dtes64 monitor ds_cpl vmx est tm2 ssse3 sdbg fma cx16 xtpr pdcm pcid sse4_1 sse4_2 movbe popcnt tsc_deadline_timer aes xsave avx f16c rdrand lahf_lm abm epb tpr_shadow vnmi flexpriority ept vpid fsgsbase tsc_adjust bmi1 avx2 smep bmi2 erms invpcid xsaveopt dtherm ida arat pln pts
bugs		:
bogomips	: 5188.13
clflush size	: 64
cache_alignment	: 64
address sizes	: 39 bits physical, 48 bits virtual
power management:

processor	: 1
vendor_id	: GenuineIntel
cpu family	: 6
model		: 69
model name	: Intel(R) Core(TM) i7-4510U CPU @ 2.00GHz
stepping	: 1
microcode	: 0x1c
cpu MHz		: 2452.226
cache size	: 4096 KB
physical id	: 0
siblings	: 4
core id		: 0
cpu cores	: 2
apicid		: 1
initial apicid	: 1
fpu		: yes
fpu_exception	: yes
cpuid level	: 13
wp		: yes
flags		: fpu vme de pse tsc msr pae mce cx8 apic sep mtrr pge mca cmov pat pse36 clflush dts acpi mmx fxsr sse sse2 ss ht tm pbe syscall nx pdpe1gb rdtscp lm constant_tsc arch_perfmon pebs bts rep_good nopl xtopology nonstop_tsc aperfmperf eagerfpu pni pclmulqdq dtes64 monitor ds_cpl vmx est tm2 ssse3 sdbg fma cx16 xtpr pdcm pcid sse4_1 sse4_2 movbe popcnt tsc_deadline_timer aes xsave avx f16c rdrand lahf_lm abm epb tpr_shadow vnmi flexpriority ept vpid fsgsbase tsc_adjust bmi1 avx2 smep bmi2 erms invpcid xsaveopt dtherm ida arat pln pts
bugs		:
bogomips	: 5188.13
clflush size	: 64
cache_alignment	: 64
address sizes	: 39 bits physical, 48 bits virtual
power management:

processor	: 2
vendor_id	: GenuineIntel
cpu family	: 6
model		: 69
model name	: Intel(R) Core(TM) i7-4510U CPU @ 2.00GHz
stepping	: 1
microcode	: 0x1c
cpu MHz		: 2447.656
cache size	: 4096 KB
physical id	: 0
siblings	: 4
core id		: 1
cpu cores	: 2
apicid		: 2
initial apicid	: 2
fpu		: yes
fpu_exception	: yes
cpuid level	: 13
wp		: yes
flags		: fpu vme de pse tsc msr pae mce cx8 apic sep mtrr pge mca cmov pat pse36 clflush dts acpi mmx fxsr sse sse2 ss ht tm pbe syscall nx pdpe1gb rdtscp lm constant_tsc arch_perfmon pebs bts rep_good nopl xtopology nonstop_tsc aperfmperf eagerfpu pni pclmulqdq dtes64 monitor ds_cpl vmx est tm2 ssse3 sdbg fma cx16 xtpr pdcm pcid sse4_1 sse4_2 movbe popcnt tsc_deadline_timer aes xsave avx f16c rdrand lahf_lm abm epb tpr_shadow vnmi flexpriority ept vpid fsgsbase tsc_adjust bmi1 avx2 smep bmi2 erms invpcid xsaveopt dtherm ida arat pln pts
bugs		:
bogomips	: 5188.13
clflush size	: 64
cache_alignment	: 64
address sizes	: 39 bits physical, 48 bits virtual
power management:

processor	: 3
vendor_id	: GenuineIntel
cpu family	: 6
model		: 69
model name	: Intel(R) Core(TM) i7-4510U CPU @ 2.00GHz
stepping	: 1
microcode	: 0x1c
cpu MHz		: 2447.757
cache size	: 4096 KB
physical id	: 0
siblings	: 4
core id		: 1
cpu cores	: 2
apicid		: 3
initial apicid	: 3
fpu		: yes
fpu_exception	: yes
cpuid level	: 13
wp		: yes
flags		: fpu vme de pse tsc msr pae mce cx8 apic sep mtrr pge mca cmov pat pse36 clflush dts acpi mmx fxsr sse sse2 ss ht tm pbe syscall nx pdpe1gb rdtscp lm constant_tsc arch_perfmon pebs bts rep_good nopl xtopology nonstop_tsc aperfmperf eagerfpu pni pclmulqdq dtes64 monitor ds_cpl vmx est tm2 ssse3 sdbg fma cx16 xtpr pdcm pcid sse4_1 sse4_2 movbe popcnt tsc_deadline_timer aes xsave avx f16c rdrand lahf_lm abm epb tpr_shadow vnmi flexpriority ept vpid fsgsbase tsc_adjust bmi1 avx2 smep bmi2 erms invpcid xsaveopt dtherm ida arat pln pts
bugs		:
bogomips	: 5188.13
clflush size	: 64
cache_alignment	: 64
address sizes	: 39 bits physical, 48 bits virtual
power management:



Memory: 4k page, physical 8103632k(178500k free), swap 0k(0k free)

vm_info: Java HotSpot(TM) 64-Bit Server VM (25.91-b14) for linux-amd64 JRE (1.8.0_91-b14), built on Apr  1 2016 00:57:21 by "java_re" with gcc 4.3.0 20080428 (Red Hat 4.3.0-8)

time: Sun Jun 26 09:44:33 2016
elapsed time: 9 seconds (0d 0h 0m 9s)

